2026-04-24 14:35:46.260811: I tensorflow/core/platform/cpu_feature_guard.cc:210] This TensorFlow binary is optimized to use available CPU instructions in performance-critical operations.
To enable the following instructions: AVX2 FMA, in other operations, rebuild TensorFlow with the appropriate compiler flags.
/Applications/anaconda3/envs/py312/lib/python3.12/site-packages/sklearn/impute/_base.py:641: UserWarning: Skipping features without any observed values: [39]. At least one non-missing value is needed for imputation with strategy='median'.
  warnings.warn(
/Applications/anaconda3/envs/py312/lib/python3.12/site-packages/sklearn/impute/_base.py:641: UserWarning: Skipping features without any observed values: [39]. At least one non-missing value is needed for imputation with strategy='median'.
  warnings.warn(
/Applications/anaconda3/envs/py312/lib/python3.12/site-packages/sklearn/impute/_base.py:641: UserWarning: Skipping features without any observed values: [39]. At least one non-missing value is needed for imputation with strategy='median'.
  warnings.warn(
/Applications/anaconda3/envs/py312/lib/python3.12/site-packages/sklearn/linear_model/_logistic.py:1135: FutureWarning: 'penalty' was deprecated in version 1.8 and will be removed in 1.10. To avoid this warning, leave 'penalty' set to its default value and use 'l1_ratio' or 'C' instead. Use l1_ratio=0 instead of penalty='l2', l1_ratio=1 instead of penalty='l1', and C=np.inf instead of penalty=None.
  warnings.warn(

=== A. Slippage-adjusted backtest (embedding-MLP test predictions) ===
[load] train / val / test parquets
  train=202,082  val=13,154  test=13,414  features=36
[slippage 0% general_ev ] n_trig=13398 hit=0.334 PnL=$   4,818,842 mean/trig=$   360 Sharpe=0.477
[slippage 2% general_ev ] n_trig=13398 hit=0.334 PnL=$   4,772,751 mean/trig=$   356 Sharpe=0.475
[slippage 3% general_ev ] n_trig=13398 hit=0.334 PnL=$   4,750,377 mean/trig=$   355 Sharpe=0.474
[slippage 5% general_ev ] n_trig=13398 hit=0.334 PnL=$   4,706,859 mean/trig=$   351 Sharpe=0.471
[slippage 0% home_run   ] n_trig= 1191 hit=0.356 PnL=$     624,576 mean/trig=$   524 Sharpe=0.598
[slippage 2% home_run   ] n_trig= 1191 hit=0.356 PnL=$     620,975 mean/trig=$   521 Sharpe=0.597
[slippage 3% home_run   ] n_trig= 1191 hit=0.356 PnL=$     619,226 mean/trig=$   520 Sharpe=0.596
[slippage 5% home_run   ] n_trig= 1191 hit=0.356 PnL=$     615,830 mean/trig=$   517 Sharpe=0.594

=== B. Per-market temporal split ===
[pmt] loaded full CSV: 1,209,787 rows
[pmt] after §4 filter: 1,127,757 rows
[pmt] fold sizes:  train=789,468  val=169,164  test=169,125
[pmt] fitting LogReg...
[pmt] fitting MLP (vanilla, no embedding)...
Epoch 1/40
193/193 - 17s - 88ms/step - auc: 0.5869 - loss: 0.7125 - val_auc: 0.6690 - val_loss: 0.6322 - learning_rate: 0.0010
Epoch 2/40
193/193 - 16s - 85ms/step - auc: 0.6253 - loss: 0.6629 - val_auc: 0.6744 - val_loss: 0.6307 - learning_rate: 0.0010
Epoch 3/40
193/193 - 18s - 94ms/step - auc: 0.6380 - loss: 0.6540 - val_auc: 0.6788 - val_loss: 0.6277 - learning_rate: 0.0010
Epoch 4/40
193/193 - 17s - 89ms/step - auc: 0.6449 - loss: 0.6497 - val_auc: 0.6814 - val_loss: 0.6260 - learning_rate: 0.0010
Epoch 5/40
193/193 - 21s - 110ms/step - auc: 0.6508 - loss: 0.6459 - val_auc: 0.6842 - val_loss: 0.6237 - learning_rate: 0.0010
Epoch 6/40
193/193 - 23s - 121ms/step - auc: 0.6549 - loss: 0.6431 - val_auc: 0.6880 - val_loss: 0.6218 - learning_rate: 0.0010
Epoch 7/40
193/193 - 19s - 100ms/step - auc: 0.6588 - loss: 0.6404 - val_auc: 0.6895 - val_loss: 0.6200 - learning_rate: 0.0010
Epoch 8/40
193/193 - 17s - 88ms/step - auc: 0.6630 - loss: 0.6379 - val_auc: 0.6918 - val_loss: 0.6184 - learning_rate: 0.0010
Epoch 9/40
193/193 - 19s - 101ms/step - auc: 0.6665 - loss: 0.6357 - val_auc: 0.6947 - val_loss: 0.6159 - learning_rate: 0.0010
Epoch 10/40
193/193 - 17s - 88ms/step - auc: 0.6699 - loss: 0.6340 - val_auc: 0.6975 - val_loss: 0.6145 - learning_rate: 0.0010
Epoch 11/40
193/193 - 21s - 108ms/step - auc: 0.6735 - loss: 0.6316 - val_auc: 0.6996 - val_loss: 0.6128 - learning_rate: 0.0010
Epoch 12/40
193/193 - 20s - 104ms/step - auc: 0.6767 - loss: 0.6298 - val_auc: 0.7018 - val_loss: 0.6113 - learning_rate: 0.0010
Epoch 13/40
193/193 - 20s - 105ms/step - auc: 0.6801 - loss: 0.6279 - val_auc: 0.7050 - val_loss: 0.6090 - learning_rate: 0.0010
Epoch 14/40
193/193 - 24s - 122ms/step - auc: 0.6830 - loss: 0.6258 - val_auc: 0.7087 - val_loss: 0.6072 - learning_rate: 0.0010
Epoch 15/40
193/193 - 24s - 123ms/step - auc: 0.6868 - loss: 0.6236 - val_auc: 0.7112 - val_loss: 0.6066 - learning_rate: 0.0010
Epoch 16/40
193/193 - 17s - 87ms/step - auc: 0.6897 - loss: 0.6217 - val_auc: 0.7133 - val_loss: 0.6052 - learning_rate: 0.0010
Epoch 17/40
193/193 - 18s - 94ms/step - auc: 0.6922 - loss: 0.6198 - val_auc: 0.7158 - val_loss: 0.6055 - learning_rate: 0.0010
Epoch 18/40
193/193 - 22s - 115ms/step - auc: 0.6946 - loss: 0.6184 - val_auc: 0.7187 - val_loss: 0.6049 - learning_rate: 0.0010
Epoch 19/40
193/193 - 20s - 102ms/step - auc: 0.6972 - loss: 0.6165 - val_auc: 0.7219 - val_loss: 0.6050 - learning_rate: 0.0010
Epoch 20/40
193/193 - 21s - 108ms/step - auc: 0.6995 - loss: 0.6152 - val_auc: 0.7223 - val_loss: 0.6049 - learning_rate: 0.0010
Epoch 21/40
193/193 - 18s - 92ms/step - auc: 0.7019 - loss: 0.6137 - val_auc: 0.7259 - val_loss: 0.6039 - learning_rate: 0.0010
Epoch 22/40
193/193 - 19s - 96ms/step - auc: 0.7034 - loss: 0.6124 - val_auc: 0.7243 - val_loss: 0.6089 - learning_rate: 0.0010
Epoch 23/40
193/193 - 22s - 113ms/step - auc: 0.7050 - loss: 0.6114 - val_auc: 0.7256 - val_loss: 0.6061 - learning_rate: 0.0010
Epoch 24/40
193/193 - 22s - 112ms/step - auc: 0.7061 - loss: 0.6104 - val_auc: 0.7285 - val_loss: 0.6072 - learning_rate: 0.0010
Epoch 25/40
193/193 - 18s - 93ms/step - auc: 0.7089 - loss: 0.6085 - val_auc: 0.7295 - val_loss: 0.6088 - learning_rate: 5.0000e-04
Epoch 26/40
193/193 - 18s - 95ms/step - auc: 0.7102 - loss: 0.6078 - val_auc: 0.7307 - val_loss: 0.6075 - learning_rate: 5.0000e-04
Epoch 27/40
193/193 - 20s - 104ms/step - auc: 0.7106 - loss: 0.6072 - val_auc: 0.7325 - val_loss: 0.6088 - learning_rate: 5.0000e-04
Epoch 28/40
193/193 - 21s - 109ms/step - auc: 0.7113 - loss: 0.6067 - val_auc: 0.7315 - val_loss: 0.6085 - learning_rate: 2.5000e-04
Epoch 29/40
193/193 - 21s - 107ms/step - auc: 0.7124 - loss: 0.6060 - val_auc: 0.7319 - val_loss: 0.6081 - learning_rate: 2.5000e-04
[fit] mlp done in 570.3s (29 epochs)
[pmt] overall val  ROC  logreg=0.6326  mlp=0.7259
[pmt] overall test ROC  logreg=0.6778  mlp=0.6888
[pmt] mean per-market ROC: logreg=0.7004  mlp=0.7145

[done] 10.2 min total
