2026-04-23 15:05:45.510644: I tensorflow/core/platform/cpu_feature_guard.cc:210] This TensorFlow binary is optimized to use available CPU instructions in performance-critical operations.
To enable the following instructions: AVX2 FMA, in other operations, rebuild TensorFlow with the appropriate compiler flags.
/Applications/anaconda3/envs/py312/lib/python3.12/site-packages/sklearn/linear_model/_logistic.py:1135: FutureWarning: 'penalty' was deprecated in version 1.8 and will be removed in 1.10. To avoid this warning, leave 'penalty' set to its default value and use 'l1_ratio' or 'C' instead. Use l1_ratio=0 instead of penalty='l2', l1_ratio=1 instead of penalty='l1', and C=np.inf instead of penalty=None.
  warnings.warn(

[A] market-identity audit — 74-class RF on the feature vector
  loaded full CSV: 1,209,787 rows × 54 cols
  after §4 filter: 1,127,757 rows
  stratified subsample: 139,338 rows across 74 markets
  RF fit in 33s

[B] random 20 % within-strike split — MLP + LogReg
  loaded train.parquet: 202,082 rows
Epoch 1/40
36/36 - 8s - 215ms/step - auc: 0.5253 - loss: 0.7939 - val_auc: 0.5972 - val_loss: 0.6788 - learning_rate: 0.0010
Epoch 2/40
36/36 - 4s - 115ms/step - auc: 0.5469 - loss: 0.7396 - val_auc: 0.6156 - val_loss: 0.6688 - learning_rate: 0.0010
Epoch 3/40
36/36 - 4s - 117ms/step - auc: 0.5635 - loss: 0.7157 - val_auc: 0.6258 - val_loss: 0.6616 - learning_rate: 0.0010
Epoch 4/40
36/36 - 4s - 112ms/step - auc: 0.5753 - loss: 0.7013 - val_auc: 0.6298 - val_loss: 0.6591 - learning_rate: 0.0010
Epoch 5/40
36/36 - 4s - 113ms/step - auc: 0.5831 - loss: 0.6914 - val_auc: 0.6346 - val_loss: 0.6568 - learning_rate: 0.0010
Epoch 6/40
36/36 - 4s - 112ms/step - auc: 0.5898 - loss: 0.6838 - val_auc: 0.6369 - val_loss: 0.6560 - learning_rate: 0.0010
Epoch 7/40
36/36 - 5s - 131ms/step - auc: 0.5975 - loss: 0.6787 - val_auc: 0.6394 - val_loss: 0.6550 - learning_rate: 0.0010
Epoch 8/40
36/36 - 4s - 110ms/step - auc: 0.6027 - loss: 0.6744 - val_auc: 0.6404 - val_loss: 0.6546 - learning_rate: 0.0010
Epoch 9/40
36/36 - 4s - 121ms/step - auc: 0.6085 - loss: 0.6711 - val_auc: 0.6423 - val_loss: 0.6539 - learning_rate: 0.0010
Epoch 10/40
36/36 - 5s - 126ms/step - auc: 0.6108 - loss: 0.6696 - val_auc: 0.6438 - val_loss: 0.6534 - learning_rate: 0.0010
Epoch 11/40
36/36 - 5s - 131ms/step - auc: 0.6140 - loss: 0.6677 - val_auc: 0.6454 - val_loss: 0.6527 - learning_rate: 0.0010
Epoch 12/40
36/36 - 5s - 142ms/step - auc: 0.6160 - loss: 0.6663 - val_auc: 0.6464 - val_loss: 0.6520 - learning_rate: 0.0010
Epoch 13/40
36/36 - 5s - 125ms/step - auc: 0.6199 - loss: 0.6645 - val_auc: 0.6485 - val_loss: 0.6510 - learning_rate: 0.0010
Epoch 14/40
36/36 - 5s - 132ms/step - auc: 0.6228 - loss: 0.6632 - val_auc: 0.6501 - val_loss: 0.6502 - learning_rate: 0.0010
Epoch 15/40
36/36 - 5s - 134ms/step - auc: 0.6264 - loss: 0.6617 - val_auc: 0.6523 - val_loss: 0.6491 - learning_rate: 0.0010
Epoch 16/40
36/36 - 5s - 137ms/step - auc: 0.6266 - loss: 0.6613 - val_auc: 0.6539 - val_loss: 0.6482 - learning_rate: 0.0010
Epoch 17/40
36/36 - 5s - 136ms/step - auc: 0.6290 - loss: 0.6601 - val_auc: 0.6552 - val_loss: 0.6476 - learning_rate: 0.0010
Epoch 18/40
36/36 - 5s - 136ms/step - auc: 0.6304 - loss: 0.6593 - val_auc: 0.6563 - val_loss: 0.6470 - learning_rate: 0.0010
Epoch 19/40
36/36 - 5s - 131ms/step - auc: 0.6330 - loss: 0.6579 - val_auc: 0.6577 - val_loss: 0.6462 - learning_rate: 0.0010
Epoch 20/40
36/36 - 5s - 129ms/step - auc: 0.6345 - loss: 0.6571 - val_auc: 0.6593 - val_loss: 0.6455 - learning_rate: 0.0010
Epoch 21/40
36/36 - 5s - 139ms/step - auc: 0.6357 - loss: 0.6564 - val_auc: 0.6609 - val_loss: 0.6445 - learning_rate: 0.0010
Epoch 22/40
36/36 - 5s - 127ms/step - auc: 0.6373 - loss: 0.6558 - val_auc: 0.6626 - val_loss: 0.6437 - learning_rate: 0.0010
Epoch 23/40
36/36 - 5s - 132ms/step - auc: 0.6402 - loss: 0.6544 - val_auc: 0.6644 - val_loss: 0.6429 - learning_rate: 0.0010
Epoch 24/40
36/36 - 5s - 144ms/step - auc: 0.6405 - loss: 0.6539 - val_auc: 0.6649 - val_loss: 0.6426 - learning_rate: 0.0010
Epoch 25/40
36/36 - 5s - 134ms/step - auc: 0.6424 - loss: 0.6527 - val_auc: 0.6663 - val_loss: 0.6413 - learning_rate: 0.0010
Epoch 26/40
36/36 - 5s - 136ms/step - auc: 0.6452 - loss: 0.6516 - val_auc: 0.6685 - val_loss: 0.6404 - learning_rate: 0.0010
Epoch 27/40
36/36 - 5s - 142ms/step - auc: 0.6467 - loss: 0.6508 - val_auc: 0.6701 - val_loss: 0.6395 - learning_rate: 0.0010
Epoch 28/40
36/36 - 5s - 136ms/step - auc: 0.6486 - loss: 0.6499 - val_auc: 0.6717 - val_loss: 0.6388 - learning_rate: 0.0010
Epoch 29/40
36/36 - 5s - 141ms/step - auc: 0.6497 - loss: 0.6488 - val_auc: 0.6726 - val_loss: 0.6381 - learning_rate: 0.0010
Epoch 30/40
36/36 - 5s - 146ms/step - auc: 0.6508 - loss: 0.6486 - val_auc: 0.6745 - val_loss: 0.6369 - learning_rate: 0.0010
Epoch 31/40
36/36 - 5s - 141ms/step - auc: 0.6541 - loss: 0.6469 - val_auc: 0.6759 - val_loss: 0.6366 - learning_rate: 0.0010
Epoch 32/40
36/36 - 5s - 146ms/step - auc: 0.6540 - loss: 0.6466 - val_auc: 0.6771 - val_loss: 0.6354 - learning_rate: 0.0010
Epoch 33/40
36/36 - 5s - 133ms/step - auc: 0.6563 - loss: 0.6456 - val_auc: 0.6774 - val_loss: 0.6348 - learning_rate: 0.0010
Epoch 34/40
36/36 - 5s - 146ms/step - auc: 0.6576 - loss: 0.6447 - val_auc: 0.6795 - val_loss: 0.6339 - learning_rate: 0.0010
Epoch 35/40
36/36 - 5s - 148ms/step - auc: 0.6582 - loss: 0.6444 - val_auc: 0.6805 - val_loss: 0.6329 - learning_rate: 0.0010
Epoch 36/40
36/36 - 5s - 141ms/step - auc: 0.6592 - loss: 0.6437 - val_auc: 0.6817 - val_loss: 0.6323 - learning_rate: 0.0010
Epoch 37/40
36/36 - 5s - 145ms/step - auc: 0.6602 - loss: 0.6430 - val_auc: 0.6829 - val_loss: 0.6316 - learning_rate: 0.0010
Epoch 38/40
36/36 - 5s - 130ms/step - auc: 0.6635 - loss: 0.6412 - val_auc: 0.6849 - val_loss: 0.6302 - learning_rate: 0.0010
Epoch 39/40
36/36 - 5s - 133ms/step - auc: 0.6635 - loss: 0.6413 - val_auc: 0.6855 - val_loss: 0.6300 - learning_rate: 0.0010
Epoch 40/40
36/36 - 5s - 131ms/step - auc: 0.6651 - loss: 0.6405 - val_auc: 0.6869 - val_loss: 0.6293 - learning_rate: 0.0010
[fit] mlp done in 194.0s (40 epochs)
  logreg within-strike ROC: 0.5718  (cross-family: 0.5735)
  mlp    within-strike ROC: 0.6833  (cross-family: 0.5787)

[C] wallet-novel vs wallet-seen test subset
  loaded predictions_test.parquet: 13,414 rows
Traceback (most recent call last):
  File "/Users/pontusneumann/Documents/GitHub/CBS-Spring26/ML/report/pontus/scripts/23_robustness.py", line 351, in <module>
    main()
  File "/Users/pontusneumann/Documents/GitHub/CBS-Spring26/ML/report/pontus/scripts/23_robustness.py", line 315, in main
    r_novelty = wallet_novelty()
                ^^^^^^^^^^^^^^^^
  File "/Users/pontusneumann/Documents/GitHub/CBS-Spring26/ML/report/pontus/scripts/23_robustness.py", line 282, in wallet_novelty
    seen = m(preds[preds["wallet_in_train"] == 1])
           ^^^^^^^^^^^^^^^^^^^^^^^^^^^^^^^^^^^^^^^
  File "/Users/pontusneumann/Documents/GitHub/CBS-Spring26/ML/report/pontus/scripts/23_robustness.py", line 273, in m
    return {"n": int(len(df)), "roc_auc": None, "brier": float(brier_score_loss(y, p))}
                                                               ^^^^^^^^^^^^^^^^^^^^^^
  File "/Applications/anaconda3/envs/py312/lib/python3.12/site-packages/sklearn/utils/_param_validation.py", line 218, in wrapper
    return func(*args, **kwargs)
           ^^^^^^^^^^^^^^^^^^^^^
  File "/Applications/anaconda3/envs/py312/lib/python3.12/site-packages/sklearn/metrics/_classification.py", line 3766, in brier_score_loss
    y_proba = check_array(
              ^^^^^^^^^^^^
  File "/Applications/anaconda3/envs/py312/lib/python3.12/site-packages/sklearn/utils/validation.py", line 1097, in check_array
    raise ValueError(
ValueError: Found array with 0 sample(s) (shape=(0,)) while a minimum of 1 is required.
