2026-04-23 18:24:39.676543: I tensorflow/core/platform/cpu_feature_guard.cc:210] This TensorFlow binary is optimized to use available CPU instructions in performance-critical operations.
To enable the following instructions: AVX2 FMA, in other operations, rebuild TensorFlow with the appropriate compiler flags.
[load] train / val / test parquets
  train=202,082  val=13,154  test=13,414  features=36
[preproc] winsorised 2 columns on [0.01, 0.99]
[index] n_train_markets=4
  [0] US strikes Iran by February 27, 2026?  (0x09cbe3e796)
  [1] US strikes Iran by February 25, 2026?  (0x168959e2c7)
  [2] US strikes Iran by February 28, 2026?  (0x3488f31e64)
  [3] US strikes Iran by February 26, 2026?  (0x680efda99a)
  val-market overlap with train index: 0
  test-market overlap with train index: 0
[mlp-emb] building model: n_features=36 n_markets=4 emb_dim=4
Epoch 1/40
50/50 - 5s - 101ms/step - auc: 0.5322 - loss: 0.7835 - val_auc: 0.5685 - val_loss: 0.7519 - learning_rate: 0.0010
Epoch 2/40
50/50 - 2s - 48ms/step - auc: 0.5595 - loss: 0.7246 - val_auc: 0.5851 - val_loss: 0.7186 - learning_rate: 0.0010
Epoch 3/40
50/50 - 2s - 47ms/step - auc: 0.5911 - loss: 0.6943 - val_auc: 0.6045 - val_loss: 0.7185 - learning_rate: 0.0010
Epoch 4/40
50/50 - 2s - 47ms/step - auc: 0.6277 - loss: 0.6692 - val_auc: 0.6084 - val_loss: 0.7086 - learning_rate: 0.0010
Epoch 5/40
50/50 - 3s - 53ms/step - auc: 0.6432 - loss: 0.6582 - val_auc: 0.6070 - val_loss: 0.7010 - learning_rate: 0.0010
Epoch 6/40
50/50 - 3s - 59ms/step - auc: 0.6537 - loss: 0.6510 - val_auc: 0.6062 - val_loss: 0.7013 - learning_rate: 0.0010
Epoch 7/40
50/50 - 3s - 66ms/step - auc: 0.6588 - loss: 0.6477 - val_auc: 0.6054 - val_loss: 0.6982 - learning_rate: 0.0010
Epoch 8/40
50/50 - 3s - 68ms/step - auc: 0.6629 - loss: 0.6450 - val_auc: 0.6068 - val_loss: 0.7000 - learning_rate: 0.0010
Epoch 9/40
50/50 - 4s - 73ms/step - auc: 0.6684 - loss: 0.6416 - val_auc: 0.6051 - val_loss: 0.7039 - learning_rate: 0.0010
Epoch 10/40
50/50 - 4s - 77ms/step - auc: 0.6713 - loss: 0.6397 - val_auc: 0.6046 - val_loss: 0.7035 - learning_rate: 0.0010
Epoch 11/40
50/50 - 4s - 78ms/step - auc: 0.6750 - loss: 0.6378 - val_auc: 0.6049 - val_loss: 0.7038 - learning_rate: 5.0000e-04
Epoch 12/40
50/50 - 4s - 78ms/step - auc: 0.6758 - loss: 0.6368 - val_auc: 0.6056 - val_loss: 0.7056 - learning_rate: 5.0000e-04
Epoch 13/40
50/50 - 4s - 77ms/step - auc: 0.6774 - loss: 0.6360 - val_auc: 0.6037 - val_loss: 0.7048 - learning_rate: 5.0000e-04
Epoch 14/40
50/50 - 4s - 81ms/step - auc: 0.6784 - loss: 0.6353 - val_auc: 0.6036 - val_loss: 0.7083 - learning_rate: 2.5000e-04
Epoch 15/40
50/50 - 4s - 79ms/step - auc: 0.6804 - loss: 0.6343 - val_auc: 0.6044 - val_loss: 0.7072 - learning_rate: 2.5000e-04
[mlp-emb] trained in 52s (15 epochs)

[metrics mlp_emb maskB] test roc=0.5817849034161116  brier=0.2521  ece=0.0852
[metrics mlp_emb maskB] val  roc=0.6054926335404944  brier=0.2483
[metrics mlp_emb maskA] train roc=0.6877640409376923  (with learnt embeddings — fit upper bound, not a generalisation claim)
[residual-edge maskB] test partial-corr = +0.1976  (v2 baseline: +0.1787, v2-residualised: +0.3099)

[done] 0.9 min total
  test ROC mask=0 (pure features): 0.5818
  v2 baseline                    : 0.5788
  residualised v2                : 0.5432
