building Iran markets dataset (hybrid HF + Polymarket API)...
[   0.0s] fetching market metadata for all four events via Polymarket Gamma API...
[   1.5s] Gamma markets across target events: 83 total, 74 resolved
[   2.5s] markets routed:  hf=67  api=7  (by-event: {('114242', 'hf'): 64, ('236884', 'hf'): 3, ('355299', 'api'): 5, ('357625', 'api'): 2})
[   2.5s] markets union: 74 rows   (hf=67, api=7)
[   2.6s] subset cache present: trades_iran_subset.parquet (52.1 MB); reusing
[   2.6s] trades parquet columns: ['timestamp', 'block_number', 'transaction_hash', 'condition_id', 'maker', 'taker', 'taker_direction', 'maker_direction', 'nonusdc_side', 'price', 'usd_amount', 'token_amount']
[   4.6s] HF trades after local filter: 1,195,147
[  12.5s] fetching 7 ceasefire markets via Polymarket Data/CLOB APIs...
    stop offset=3500 params={}: 400 Client Error: Bad Request for url: https://data-api.polymarket.com/trades?market=0x46f15cb064fb468e39de360f14f5847898ef9b1489d15e9df702b92f1836598d&limit=500&offset=3500
    stop offset=3500 params={}: 400 Client Error: Bad Request for url: https://data-api.polymarket.com/trades?market=0xd81f611670339738cb6ac259b94a54b5b08e372f19c063a8ad6fb2a8c7fe3ed8&limit=500&offset=3500
[  36.6s] API trades fetched: 14,640   prices: 8,722
[  36.9s] combined trades: 1,209,787 rows (hf=1,195,147, api=14,640)
[  36.9s] enriching trades (+ running features + expanded features + split)...
Traceback (most recent call last):
  File "/Users/pontusneumann/Documents/GitHub/CBS-Spring26/ML/report/scripts/build_iran_dataset.py", line 517, in <module>
    main()
  File "/Users/pontusneumann/Documents/GitHub/CBS-Spring26/ML/report/scripts/build_iran_dataset.py", line 499, in main
    enriched = fp.enrich_trades(trades, markets, api_prices)
               ^^^^^^^^^^^^^^^^^^^^^^^^^^^^^^^^^^^^^^^^^^^^^
  File "/Users/pontusneumann/Documents/GitHub/CBS-Spring26/ML/report/scripts/fetch_polymarket.py", line 354, in enrich_trades
    df = pd.merge_asof(
         ^^^^^^^^^^^^^^
  File "/Applications/anaconda3/envs/py312/lib/python3.12/site-packages/pandas/core/reshape/merge.py", line 917, in merge_asof
    op = _AsOfMerge(
         ^^^^^^^^^^^
  File "/Applications/anaconda3/envs/py312/lib/python3.12/site-packages/pandas/core/reshape/merge.py", line 2353, in __init__
    _OrderedMerge.__init__(
  File "/Applications/anaconda3/envs/py312/lib/python3.12/site-packages/pandas/core/reshape/merge.py", line 2265, in __init__
    _MergeOperation.__init__(
  File "/Applications/anaconda3/envs/py312/lib/python3.12/site-packages/pandas/core/reshape/merge.py", line 1026, in __init__
    self._maybe_require_matching_dtypes(self.left_join_keys, self.right_join_keys)
  File "/Applications/anaconda3/envs/py312/lib/python3.12/site-packages/pandas/core/reshape/merge.py", line 2478, in _maybe_require_matching_dtypes
    _check_dtype_match(lk, rk, i)
  File "/Applications/anaconda3/envs/py312/lib/python3.12/site-packages/pandas/core/reshape/merge.py", line 2474, in _check_dtype_match
    raise MergeError(msg)
pandas.errors.MergeError: incompatible merge keys [1] datetime64[ns, UTC] and datetime64[s, UTC], must be the same type
