building Iran markets dataset (hybrid HF + Polymarket API)...
[   0.0s] fetching market metadata for all four events via Polymarket Gamma API...
[   1.9s] Gamma markets across target events: 83 total, 74 resolved
[   3.0s] markets routed:  hf=67  api=7  (by-event: {('114242', 'hf'): 64, ('236884', 'hf'): 3, ('355299', 'api'): 5, ('357625', 'api'): 2})
[   3.1s] markets union: 74 rows   (hf=67, api=7)
[   3.1s] streaming https://huggingface.co/datasets/SII-WANGZJ/Polymarket_data/resolve/main/trades.parquet via pyarrow + fsspec (row-group chunked); filtering to 67 condition_ids; writing trades_iran_subset.parquet
[   3.1s]   network transfer ~38.7 GB one-time; local disk footprint = subset only
[   4.8s] remote parquet: 592 row groups, 568,646,651 rows
[   6.3s]   progress: row group 10/592 (  1.7%)  rows_read=111,716  rows_kept=0
[  15.0s]   progress: row group 20/592 (  3.4%)  rows_read=982,352  rows_kept=0
[  85.1s]   progress: row group 30/592 (  5.1%)  rows_read=9,812,748  rows_kept=0
[ 154.9s]   progress: row group 40/592 (  6.8%)  rows_read=18,873,912  rows_kept=0
[ 216.9s]   progress: row group 50/592 (  8.4%)  rows_read=26,964,834  rows_kept=0
[ 288.2s]   progress: row group 60/592 ( 10.1%)  rows_read=36,256,610  rows_kept=0
[ 354.8s]   progress: row group 70/592 ( 11.8%)  rows_read=44,324,229  rows_kept=0
[ 419.6s]   progress: row group 80/592 ( 13.5%)  rows_read=52,166,396  rows_kept=0
[ 486.2s]   progress: row group 90/592 ( 15.2%)  rows_read=60,597,284  rows_kept=0
[ 552.3s]   progress: row group 100/592 ( 16.9%)  rows_read=69,713,282  rows_kept=0
[ 616.3s]   progress: row group 110/592 ( 18.6%)  rows_read=78,328,367  rows_kept=0
[ 681.8s]   progress: row group 120/592 ( 20.3%)  rows_read=87,308,058  rows_kept=0
[ 754.1s]   progress: row group 130/592 ( 22.0%)  rows_read=96,399,152  rows_kept=0
[ 821.9s]   progress: row group 140/592 ( 23.6%)  rows_read=105,152,902  rows_kept=0
[ 900.2s]   progress: row group 150/592 ( 25.3%)  rows_read=115,486,868  rows_kept=0
[ 969.2s]   progress: row group 160/592 ( 27.0%)  rows_read=125,130,097  rows_kept=0
[1040.8s]   progress: row group 170/592 ( 28.7%)  rows_read=134,940,668  rows_kept=0
[1108.5s]   progress: row group 180/592 ( 30.4%)  rows_read=144,471,214  rows_kept=0
[1178.7s]   progress: row group 190/592 ( 32.1%)  rows_read=154,956,974  rows_kept=0
[1244.9s]   progress: row group 200/592 ( 33.8%)  rows_read=165,176,731  rows_kept=353
[1309.4s]   progress: row group 210/592 ( 35.5%)  rows_read=174,950,184  rows_kept=4,164
[1374.2s]   progress: row group 220/592 ( 37.2%)  rows_read=185,435,944  rows_kept=9,580
[1433.1s]   progress: row group 230/592 ( 38.9%)  rows_read=194,923,454  rows_kept=58,206
[1504.6s]   progress: row group 240/592 ( 40.5%)  rows_read=205,409,214  rows_kept=130,419
[1569.8s]   progress: row group 250/592 ( 42.2%)  rows_read=215,826,350  rows_kept=167,146
[1639.7s]   progress: row group 260/592 ( 43.9%)  rows_read=226,312,110  rows_kept=243,191
[1706.7s]   progress: row group 270/592 ( 45.6%)  rows_read=236,520,678  rows_kept=329,627
[1772.8s]   progress: row group 280/592 ( 47.3%)  rows_read=246,757,822  rows_kept=371,962
[1838.4s]   progress: row group 290/592 ( 49.0%)  rows_read=256,658,783  rows_kept=441,900
[1905.6s]   progress: row group 300/592 ( 50.7%)  rows_read=267,144,543  rows_kept=498,165
[1975.8s]   progress: row group 310/592 ( 52.4%)  rows_read=277,630,303  rows_kept=542,472
[2039.3s]   progress: row group 320/592 ( 54.1%)  rows_read=287,989,188  rows_kept=581,692
[2107.8s]   progress: row group 330/592 ( 55.7%)  rows_read=298,474,948  rows_kept=602,187
[2174.5s]   progress: row group 340/592 ( 57.4%)  rows_read=308,960,708  rows_kept=626,893
[2240.6s]   progress: row group 350/592 ( 59.1%)  rows_read=319,196,610  rows_kept=706,742
[2301.5s]   progress: row group 360/592 ( 60.8%)  rows_read=329,682,370  rows_kept=762,219
[2366.4s]   progress: row group 370/592 ( 62.5%)  rows_read=340,168,130  rows_kept=787,522
[2428.8s]   progress: row group 380/592 ( 64.2%)  rows_read=350,653,890  rows_kept=824,518
[2490.7s]   progress: row group 390/592 ( 65.9%)  rows_read=361,126,193  rows_kept=935,161
[2554.7s]   progress: row group 400/592 ( 67.6%)  rows_read=371,611,953  rows_kept=1,058,648
[2619.6s]   progress: row group 410/592 ( 69.3%)  rows_read=382,097,713  rows_kept=1,118,477
[2683.6s]   progress: row group 420/592 ( 70.9%)  rows_read=392,583,473  rows_kept=1,140,840
[2745.9s]   progress: row group 430/592 ( 72.6%)  rows_read=403,008,737  rows_kept=1,149,947
[2810.6s]   progress: row group 440/592 ( 74.3%)  rows_read=413,494,497  rows_kept=1,155,299
[2875.4s]   progress: row group 450/592 ( 76.0%)  rows_read=423,980,257  rows_kept=1,163,994
[2935.9s]   progress: row group 460/592 ( 77.7%)  rows_read=433,469,791  rows_kept=1,164,009
[3000.4s]   progress: row group 470/592 ( 79.4%)  rows_read=443,955,551  rows_kept=1,169,434
[3069.1s]   progress: row group 480/592 ( 81.1%)  rows_read=454,441,311  rows_kept=1,175,459
[3133.5s]   progress: row group 490/592 ( 82.8%)  rows_read=464,585,171  rows_kept=1,176,344
[3202.6s]   progress: row group 500/592 ( 84.5%)  rows_read=475,070,931  rows_kept=1,185,608
[3268.7s]   progress: row group 510/592 ( 86.1%)  rows_read=485,556,691  rows_kept=1,186,454
[3338.9s]   progress: row group 520/592 ( 87.8%)  rows_read=496,042,451  rows_kept=1,186,483
[3405.0s]   progress: row group 530/592 ( 89.5%)  rows_read=506,528,211  rows_kept=1,186,554
[3472.0s]   progress: row group 540/592 ( 91.2%)  rows_read=516,438,077  rows_kept=1,190,787
[3540.2s]   progress: row group 550/592 ( 92.9%)  rows_read=526,923,837  rows_kept=1,194,355
[3606.0s]   progress: row group 560/592 ( 94.6%)  rows_read=537,409,597  rows_kept=1,194,394
[3670.4s]   progress: row group 570/592 ( 96.3%)  rows_read=547,895,357  rows_kept=1,194,424
[3739.0s]   progress: row group 580/592 ( 98.0%)  rows_read=557,991,764  rows_kept=1,195,131
[3805.6s]   progress: row group 590/592 ( 99.7%)  rows_read=568,477,524  rows_kept=1,195,147
[3807.6s]   progress: row group 592/592 (100.0%)  rows_read=568,646,651  rows_kept=1,195,147
[3807.6s] subset written: trades_iran_subset.parquet  (52.1 MB, 1,195,147 rows)
[3807.6s] trades parquet columns: ['timestamp', 'block_number', 'transaction_hash', 'condition_id', 'maker', 'taker', 'taker_direction', 'maker_direction', 'nonusdc_side', 'price', 'usd_amount', 'token_amount']
[3809.5s] HF trades after local filter: 1,195,147
[3817.1s] fetching 7 ceasefire markets via Polymarket Data/CLOB APIs...
    stop offset=3500 params={}: 400 Client Error: Bad Request for url: https://data-api.polymarket.com/trades?market=0x46f15cb064fb468e39de360f14f5847898ef9b1489d15e9df702b92f1836598d&limit=500&offset=3500
    stop offset=3500 params={}: 400 Client Error: Bad Request for url: https://data-api.polymarket.com/trades?market=0xd81f611670339738cb6ac259b94a54b5b08e372f19c063a8ad6fb2a8c7fe3ed8&limit=500&offset=3500
[3848.7s] API trades fetched: 14,640   prices: 8,722
[3848.9s] combined trades: 1,209,787 rows (hf=1,195,147, api=14,640)
[3848.9s] enriching trades (+ running features + expanded features + split)...
Traceback (most recent call last):
  File "/Users/pontusneumann/Documents/GitHub/CBS-Spring26/ML/report/scripts/build_iran_dataset.py", line 515, in <module>
    main()
  File "/Users/pontusneumann/Documents/GitHub/CBS-Spring26/ML/report/scripts/build_iran_dataset.py", line 497, in main
    enriched = fp.enrich_trades(trades, markets, api_prices)
               ^^^^^^^^^^^^^^^^^^^^^^^^^^^^^^^^^^^^^^^^^^^^^
  File "/Users/pontusneumann/Documents/GitHub/CBS-Spring26/ML/report/scripts/fetch_polymarket.py", line 354, in enrich_trades
    df = pd.merge_asof(
         ^^^^^^^^^^^^^^
  File "/Applications/anaconda3/envs/py312/lib/python3.12/site-packages/pandas/core/reshape/merge.py", line 917, in merge_asof
    op = _AsOfMerge(
         ^^^^^^^^^^^
  File "/Applications/anaconda3/envs/py312/lib/python3.12/site-packages/pandas/core/reshape/merge.py", line 2353, in __init__
    _OrderedMerge.__init__(
  File "/Applications/anaconda3/envs/py312/lib/python3.12/site-packages/pandas/core/reshape/merge.py", line 2265, in __init__
    _MergeOperation.__init__(
  File "/Applications/anaconda3/envs/py312/lib/python3.12/site-packages/pandas/core/reshape/merge.py", line 1026, in __init__
    self._maybe_require_matching_dtypes(self.left_join_keys, self.right_join_keys)
  File "/Applications/anaconda3/envs/py312/lib/python3.12/site-packages/pandas/core/reshape/merge.py", line 2478, in _maybe_require_matching_dtypes
    _check_dtype_match(lk, rk, i)
  File "/Applications/anaconda3/envs/py312/lib/python3.12/site-packages/pandas/core/reshape/merge.py", line 2474, in _check_dtype_match
    raise MergeError(msg)
pandas.errors.MergeError: incompatible merge keys [1] datetime64[ns, UTC] and datetime64[s, UTC], must be the same type
