2026-04-23 10:38:28.999891: I tensorflow/core/platform/cpu_feature_guard.cc:210] This TensorFlow binary is optimized to use available CPU instructions in performance-critical operations.
To enable the following instructions: AVX2 FMA, in other operations, rebuild TensorFlow with the appropriate compiler flags.
[load] train / val / test parquets
  train=202,082  val=13,154  test=13,414  features=36
[preproc] winsorised 2 columns on [0.01, 0.99]
[shape] X_tr=(202082, 36)  X_va=(13154, 36)  X_te=(13414, 36)  n_wallets_train=28974

[stacking] GroupKFold OOF base predictions, 5 folds...
  [oof fold 1/5] train=161,665 out=40,417
[fit] logreg done in 0.4s
[fit] rf-calibrated done in 37.6s
Epoch 1/40
40/40 - 4s - 104ms/step - auc: 0.5285 - loss: 0.7921 - val_auc: 0.5573 - val_loss: 0.7113 - learning_rate: 0.0010
Epoch 2/40
40/40 - 2s - 38ms/step - auc: 0.5524 - loss: 0.7326 - val_auc: 0.5745 - val_loss: 0.7027 - learning_rate: 0.0010
Epoch 3/40
40/40 - 1s - 36ms/step - auc: 0.5695 - loss: 0.7095 - val_auc: 0.5770 - val_loss: 0.7004 - learning_rate: 0.0010
Epoch 4/40
40/40 - 2s - 38ms/step - auc: 0.5835 - loss: 0.6939 - val_auc: 0.5822 - val_loss: 0.6922 - learning_rate: 0.0010
Epoch 5/40
40/40 - 2s - 41ms/step - auc: 0.5917 - loss: 0.6849 - val_auc: 0.5806 - val_loss: 0.6901 - learning_rate: 0.0010
Epoch 6/40
40/40 - 2s - 38ms/step - auc: 0.5999 - loss: 0.6772 - val_auc: 0.5797 - val_loss: 0.6882 - learning_rate: 0.0010
Epoch 7/40
40/40 - 2s - 41ms/step - auc: 0.6068 - loss: 0.6725 - val_auc: 0.5809 - val_loss: 0.6878 - learning_rate: 0.0010
Epoch 8/40
40/40 - 2s - 43ms/step - auc: 0.6109 - loss: 0.6694 - val_auc: 0.5830 - val_loss: 0.6856 - learning_rate: 0.0010
Epoch 9/40
40/40 - 2s - 41ms/step - auc: 0.6144 - loss: 0.6669 - val_auc: 0.5860 - val_loss: 0.6842 - learning_rate: 0.0010
Epoch 10/40
40/40 - 2s - 42ms/step - auc: 0.6209 - loss: 0.6638 - val_auc: 0.5846 - val_loss: 0.6840 - learning_rate: 0.0010
Epoch 11/40
40/40 - 1s - 35ms/step - auc: 0.6225 - loss: 0.6629 - val_auc: 0.5865 - val_loss: 0.6819 - learning_rate: 0.0010
Epoch 12/40
40/40 - 1s - 33ms/step - auc: 0.6267 - loss: 0.6610 - val_auc: 0.5881 - val_loss: 0.6819 - learning_rate: 0.0010
Epoch 13/40
40/40 - 1s - 34ms/step - auc: 0.6278 - loss: 0.6600 - val_auc: 0.5898 - val_loss: 0.6802 - learning_rate: 0.0010
Epoch 14/40
40/40 - 1s - 36ms/step - auc: 0.6288 - loss: 0.6594 - val_auc: 0.5919 - val_loss: 0.6798 - learning_rate: 0.0010
Epoch 15/40
40/40 - 1s - 36ms/step - auc: 0.6328 - loss: 0.6577 - val_auc: 0.5925 - val_loss: 0.6798 - learning_rate: 0.0010
Epoch 16/40
40/40 - 1s - 35ms/step - auc: 0.6358 - loss: 0.6562 - val_auc: 0.5938 - val_loss: 0.6786 - learning_rate: 0.0010
Epoch 17/40
40/40 - 1s - 32ms/step - auc: 0.6381 - loss: 0.6553 - val_auc: 0.5927 - val_loss: 0.6796 - learning_rate: 0.0010
Epoch 18/40
40/40 - 2s - 42ms/step - auc: 0.6393 - loss: 0.6544 - val_auc: 0.5960 - val_loss: 0.6776 - learning_rate: 0.0010
Epoch 19/40
40/40 - 1s - 37ms/step - auc: 0.6420 - loss: 0.6527 - val_auc: 0.5959 - val_loss: 0.6789 - learning_rate: 0.0010
Epoch 20/40
40/40 - 2s - 39ms/step - auc: 0.6425 - loss: 0.6524 - val_auc: 0.5973 - val_loss: 0.6779 - learning_rate: 0.0010
Epoch 21/40
40/40 - 2s - 42ms/step - auc: 0.6456 - loss: 0.6510 - val_auc: 0.5954 - val_loss: 0.6787 - learning_rate: 0.0010
Epoch 22/40
40/40 - 3s - 73ms/step - auc: 0.6469 - loss: 0.6502 - val_auc: 0.5979 - val_loss: 0.6777 - learning_rate: 5.0000e-04
Epoch 23/40
40/40 - 2s - 58ms/step - auc: 0.6487 - loss: 0.6498 - val_auc: 0.5974 - val_loss: 0.6782 - learning_rate: 5.0000e-04
Epoch 24/40
40/40 - 2s - 49ms/step - auc: 0.6494 - loss: 0.6491 - val_auc: 0.5989 - val_loss: 0.6775 - learning_rate: 5.0000e-04
Epoch 25/40
40/40 - 2s - 51ms/step - auc: 0.6507 - loss: 0.6482 - val_auc: 0.5981 - val_loss: 0.6781 - learning_rate: 2.5000e-04
Epoch 26/40
40/40 - 2s - 43ms/step - auc: 0.6515 - loss: 0.6481 - val_auc: 0.5982 - val_loss: 0.6781 - learning_rate: 2.5000e-04
Epoch 27/40
40/40 - 2s - 50ms/step - auc: 0.6510 - loss: 0.6481 - val_auc: 0.5980 - val_loss: 0.6782 - learning_rate: 2.5000e-04
Epoch 28/40
40/40 - 2s - 41ms/step - auc: 0.6521 - loss: 0.6479 - val_auc: 0.5978 - val_loss: 0.6784 - learning_rate: 1.2500e-04
Epoch 29/40
40/40 - 2s - 42ms/step - auc: 0.6527 - loss: 0.6477 - val_auc: 0.5984 - val_loss: 0.6780 - learning_rate: 1.2500e-04
Epoch 30/40
40/40 - 2s - 43ms/step - auc: 0.6525 - loss: 0.6473 - val_auc: 0.5981 - val_loss: 0.6782 - learning_rate: 1.2500e-04
Epoch 31/40
40/40 - 2s - 50ms/step - auc: 0.6544 - loss: 0.6468 - val_auc: 0.5979 - val_loss: 0.6784 - learning_rate: 6.2500e-05
Epoch 32/40
40/40 - 2s - 42ms/step - auc: 0.6542 - loss: 0.6467 - val_auc: 0.5980 - val_loss: 0.6784 - learning_rate: 6.2500e-05
[fit] mlp done in 56.6s (32 epochs)
    fold ok in 95s
  [oof fold 2/5] train=161,665 out=40,417
[fit] logreg done in 0.4s
[fit] rf-calibrated done in 35.2s
Epoch 1/40
40/40 - 5s - 128ms/step - auc: 0.5289 - loss: 0.7914 - val_auc: 0.5790 - val_loss: 0.6871 - learning_rate: 0.0010
Epoch 2/40
40/40 - 2s - 39ms/step - auc: 0.5511 - loss: 0.7336 - val_auc: 0.5921 - val_loss: 0.6797 - learning_rate: 0.0010
Epoch 3/40
40/40 - 1s - 36ms/step - auc: 0.5664 - loss: 0.7118 - val_auc: 0.6003 - val_loss: 0.6726 - learning_rate: 0.0010
Epoch 4/40
40/40 - 2s - 38ms/step - auc: 0.5781 - loss: 0.6972 - val_auc: 0.6020 - val_loss: 0.6699 - learning_rate: 0.0010
Epoch 5/40
40/40 - 1s - 37ms/step - auc: 0.5897 - loss: 0.6857 - val_auc: 0.6045 - val_loss: 0.6690 - learning_rate: 0.0010
Epoch 6/40
40/40 - 2s - 39ms/step - auc: 0.5979 - loss: 0.6790 - val_auc: 0.6058 - val_loss: 0.6679 - learning_rate: 0.0010
Epoch 7/40
40/40 - 1s - 35ms/step - auc: 0.6023 - loss: 0.6749 - val_auc: 0.6104 - val_loss: 0.6662 - learning_rate: 0.0010
Epoch 8/40
40/40 - 2s - 39ms/step - auc: 0.6077 - loss: 0.6719 - val_auc: 0.6107 - val_loss: 0.6659 - learning_rate: 0.0010
Epoch 9/40
40/40 - 2s - 42ms/step - auc: 0.6112 - loss: 0.6692 - val_auc: 0.6106 - val_loss: 0.6655 - learning_rate: 0.0010
Epoch 10/40
40/40 - 2s - 41ms/step - auc: 0.6166 - loss: 0.6666 - val_auc: 0.6127 - val_loss: 0.6650 - learning_rate: 0.0010
Epoch 11/40
40/40 - 2s - 41ms/step - auc: 0.6180 - loss: 0.6655 - val_auc: 0.6136 - val_loss: 0.6645 - learning_rate: 0.0010
Epoch 12/40
40/40 - 2s - 39ms/step - auc: 0.6225 - loss: 0.6630 - val_auc: 0.6144 - val_loss: 0.6642 - learning_rate: 0.0010
Epoch 13/40
40/40 - 2s - 40ms/step - auc: 0.6246 - loss: 0.6621 - val_auc: 0.6157 - val_loss: 0.6638 - learning_rate: 0.0010
Epoch 14/40
40/40 - 2s - 41ms/step - auc: 0.6280 - loss: 0.6607 - val_auc: 0.6174 - val_loss: 0.6633 - learning_rate: 0.0010
Epoch 15/40
40/40 - 2s - 42ms/step - auc: 0.6291 - loss: 0.6596 - val_auc: 0.6173 - val_loss: 0.6630 - learning_rate: 0.0010
Epoch 16/40
40/40 - 2s - 40ms/step - auc: 0.6320 - loss: 0.6581 - val_auc: 0.6188 - val_loss: 0.6626 - learning_rate: 0.0010
Epoch 17/40
40/40 - 2s - 39ms/step - auc: 0.6344 - loss: 0.6571 - val_auc: 0.6207 - val_loss: 0.6624 - learning_rate: 0.0010
Epoch 18/40
40/40 - 2s - 39ms/step - auc: 0.6362 - loss: 0.6561 - val_auc: 0.6215 - val_loss: 0.6619 - learning_rate: 0.0010
Epoch 19/40
40/40 - 2s - 43ms/step - auc: 0.6374 - loss: 0.6550 - val_auc: 0.6240 - val_loss: 0.6611 - learning_rate: 0.0010
Epoch 20/40
40/40 - 2s - 42ms/step - auc: 0.6401 - loss: 0.6537 - val_auc: 0.6254 - val_loss: 0.6608 - learning_rate: 0.0010
Epoch 21/40
40/40 - 1s - 35ms/step - auc: 0.6412 - loss: 0.6530 - val_auc: 0.6260 - val_loss: 0.6606 - learning_rate: 0.0010
Epoch 22/40
40/40 - 1s - 36ms/step - auc: 0.6435 - loss: 0.6521 - val_auc: 0.6280 - val_loss: 0.6601 - learning_rate: 0.0010
Epoch 23/40
40/40 - 2s - 40ms/step - auc: 0.6460 - loss: 0.6502 - val_auc: 0.6295 - val_loss: 0.6600 - learning_rate: 0.0010
Epoch 24/40
40/40 - 2s - 39ms/step - auc: 0.6480 - loss: 0.6491 - val_auc: 0.6301 - val_loss: 0.6598 - learning_rate: 0.0010
Epoch 25/40
40/40 - 2s - 40ms/step - auc: 0.6502 - loss: 0.6477 - val_auc: 0.6328 - val_loss: 0.6589 - learning_rate: 0.0010
Epoch 26/40
40/40 - 2s - 43ms/step - auc: 0.6525 - loss: 0.6469 - val_auc: 0.6332 - val_loss: 0.6585 - learning_rate: 0.0010
Epoch 27/40
40/40 - 1s - 37ms/step - auc: 0.6532 - loss: 0.6458 - val_auc: 0.6340 - val_loss: 0.6585 - learning_rate: 0.0010
Epoch 28/40
40/40 - 1s - 35ms/step - auc: 0.6560 - loss: 0.6447 - val_auc: 0.6375 - val_loss: 0.6568 - learning_rate: 0.0010
Epoch 29/40
40/40 - 2s - 38ms/step - auc: 0.6574 - loss: 0.6434 - val_auc: 0.6352 - val_loss: 0.6577 - learning_rate: 0.0010
Epoch 30/40
40/40 - 2s - 42ms/step - auc: 0.6582 - loss: 0.6431 - val_auc: 0.6355 - val_loss: 0.6581 - learning_rate: 0.0010
Epoch 31/40
40/40 - 2s - 44ms/step - auc: 0.6591 - loss: 0.6421 - val_auc: 0.6385 - val_loss: 0.6574 - learning_rate: 0.0010
Epoch 32/40
40/40 - 2s - 46ms/step - auc: 0.6633 - loss: 0.6401 - val_auc: 0.6401 - val_loss: 0.6572 - learning_rate: 5.0000e-04
Epoch 33/40
40/40 - 2s - 44ms/step - auc: 0.6619 - loss: 0.6406 - val_auc: 0.6414 - val_loss: 0.6575 - learning_rate: 5.0000e-04
Epoch 34/40
40/40 - 2s - 41ms/step - auc: 0.6645 - loss: 0.6395 - val_auc: 0.6408 - val_loss: 0.6568 - learning_rate: 5.0000e-04
Epoch 35/40
40/40 - 2s - 46ms/step - auc: 0.6641 - loss: 0.6395 - val_auc: 0.6430 - val_loss: 0.6560 - learning_rate: 2.5000e-04
Epoch 36/40
40/40 - 2s - 57ms/step - auc: 0.6650 - loss: 0.6386 - val_auc: 0.6426 - val_loss: 0.6560 - learning_rate: 2.5000e-04
Epoch 37/40
40/40 - 2s - 43ms/step - auc: 0.6661 - loss: 0.6384 - val_auc: 0.6428 - val_loss: 0.6565 - learning_rate: 2.5000e-04
Epoch 38/40
40/40 - 2s - 57ms/step - auc: 0.6656 - loss: 0.6384 - val_auc: 0.6423 - val_loss: 0.6563 - learning_rate: 2.5000e-04
Epoch 39/40
40/40 - 2s - 52ms/step - auc: 0.6670 - loss: 0.6379 - val_auc: 0.6427 - val_loss: 0.6561 - learning_rate: 1.2500e-04
Epoch 40/40
40/40 - 2s - 44ms/step - auc: 0.6667 - loss: 0.6375 - val_auc: 0.6429 - val_loss: 0.6562 - learning_rate: 1.2500e-04
[fit] mlp done in 69.7s (40 epochs)
    fold ok in 106s
  [oof fold 3/5] train=161,666 out=40,416
[fit] logreg done in 0.5s
[fit] rf-calibrated done in 34.7s
Epoch 1/40
40/40 - 5s - 130ms/step - auc: 0.5320 - loss: 0.7908 - val_auc: 0.5684 - val_loss: 0.6946 - learning_rate: 0.0010
Epoch 2/40
40/40 - 2s - 40ms/step - auc: 0.5536 - loss: 0.7322 - val_auc: 0.5881 - val_loss: 0.6831 - learning_rate: 0.0010
Epoch 3/40
40/40 - 2s - 39ms/step - auc: 0.5687 - loss: 0.7115 - val_auc: 0.5936 - val_loss: 0.6797 - learning_rate: 0.0010
Epoch 4/40
40/40 - 2s - 40ms/step - auc: 0.5836 - loss: 0.6948 - val_auc: 0.5979 - val_loss: 0.6757 - learning_rate: 0.0010
Epoch 5/40
40/40 - 3s - 64ms/step - auc: 0.5922 - loss: 0.6852 - val_auc: 0.5976 - val_loss: 0.6750 - learning_rate: 0.0010
Epoch 6/40
40/40 - 2s - 47ms/step - auc: 0.5991 - loss: 0.6786 - val_auc: 0.5979 - val_loss: 0.6744 - learning_rate: 0.0010
Epoch 7/40
40/40 - 2s - 43ms/step - auc: 0.6053 - loss: 0.6734 - val_auc: 0.5991 - val_loss: 0.6736 - learning_rate: 0.0010
Epoch 8/40
40/40 - 2s - 38ms/step - auc: 0.6131 - loss: 0.6692 - val_auc: 0.5989 - val_loss: 0.6734 - learning_rate: 0.0010
Epoch 9/40
40/40 - 2s - 44ms/step - auc: 0.6195 - loss: 0.6654 - val_auc: 0.6010 - val_loss: 0.6726 - learning_rate: 0.0010
Epoch 10/40
40/40 - 2s - 44ms/step - auc: 0.6226 - loss: 0.6638 - val_auc: 0.6010 - val_loss: 0.6724 - learning_rate: 0.0010
Epoch 11/40
40/40 - 2s - 41ms/step - auc: 0.6267 - loss: 0.6616 - val_auc: 0.6018 - val_loss: 0.6725 - learning_rate: 0.0010
Epoch 12/40
40/40 - 2s - 44ms/step - auc: 0.6291 - loss: 0.6601 - val_auc: 0.6038 - val_loss: 0.6718 - learning_rate: 0.0010
Epoch 13/40
40/40 - 2s - 47ms/step - auc: 0.6337 - loss: 0.6583 - val_auc: 0.6044 - val_loss: 0.6716 - learning_rate: 0.0010
Epoch 14/40
40/40 - 2s - 42ms/step - auc: 0.6346 - loss: 0.6573 - val_auc: 0.6050 - val_loss: 0.6716 - learning_rate: 0.0010
Epoch 15/40
40/40 - 2s - 41ms/step - auc: 0.6380 - loss: 0.6559 - val_auc: 0.6056 - val_loss: 0.6715 - learning_rate: 0.0010
Epoch 16/40
40/40 - 2s - 42ms/step - auc: 0.6399 - loss: 0.6548 - val_auc: 0.6073 - val_loss: 0.6710 - learning_rate: 0.0010
Epoch 17/40
40/40 - 2s - 39ms/step - auc: 0.6419 - loss: 0.6538 - val_auc: 0.6070 - val_loss: 0.6715 - learning_rate: 0.0010
Epoch 18/40
40/40 - 1s - 35ms/step - auc: 0.6453 - loss: 0.6518 - val_auc: 0.6077 - val_loss: 0.6713 - learning_rate: 0.0010
Epoch 19/40
40/40 - 2s - 41ms/step - auc: 0.6464 - loss: 0.6511 - val_auc: 0.6087 - val_loss: 0.6710 - learning_rate: 0.0010
Epoch 20/40
40/40 - 2s - 39ms/step - auc: 0.6494 - loss: 0.6493 - val_auc: 0.6077 - val_loss: 0.6713 - learning_rate: 5.0000e-04
Epoch 21/40
40/40 - 2s - 39ms/step - auc: 0.6501 - loss: 0.6490 - val_auc: 0.6065 - val_loss: 0.6715 - learning_rate: 5.0000e-04
Epoch 22/40
40/40 - 2s - 39ms/step - auc: 0.6509 - loss: 0.6487 - val_auc: 0.6073 - val_loss: 0.6712 - learning_rate: 5.0000e-04
Epoch 23/40
40/40 - 1s - 37ms/step - auc: 0.6525 - loss: 0.6479 - val_auc: 0.6075 - val_loss: 0.6713 - learning_rate: 2.5000e-04
Epoch 24/40
40/40 - 2s - 45ms/step - auc: 0.6530 - loss: 0.6474 - val_auc: 0.6074 - val_loss: 0.6715 - learning_rate: 2.5000e-04
[fit] mlp done in 44.3s (24 epochs)
    fold ok in 80s
  [oof fold 4/5] train=161,666 out=40,416
[fit] logreg done in 0.3s
[fit] rf-calibrated done in 33.9s
Epoch 1/40
40/40 - 4s - 96ms/step - auc: 0.5296 - loss: 0.7910 - val_auc: 0.5855 - val_loss: 0.6875 - learning_rate: 0.0010
Epoch 2/40
40/40 - 1s - 34ms/step - auc: 0.5514 - loss: 0.7343 - val_auc: 0.5993 - val_loss: 0.6788 - learning_rate: 0.0010
Epoch 3/40
40/40 - 1s - 34ms/step - auc: 0.5699 - loss: 0.7107 - val_auc: 0.6039 - val_loss: 0.6757 - learning_rate: 0.0010
Epoch 4/40
40/40 - 2s - 46ms/step - auc: 0.5811 - loss: 0.6963 - val_auc: 0.6055 - val_loss: 0.6733 - learning_rate: 0.0010
Epoch 5/40
40/40 - 1s - 35ms/step - auc: 0.5890 - loss: 0.6864 - val_auc: 0.6086 - val_loss: 0.6703 - learning_rate: 0.0010
Epoch 6/40
40/40 - 1s - 31ms/step - auc: 0.5962 - loss: 0.6796 - val_auc: 0.6113 - val_loss: 0.6684 - learning_rate: 0.0010
Epoch 7/40
40/40 - 1s - 31ms/step - auc: 0.6034 - loss: 0.6744 - val_auc: 0.6137 - val_loss: 0.6674 - learning_rate: 0.0010
Epoch 8/40
40/40 - 1s - 31ms/step - auc: 0.6107 - loss: 0.6701 - val_auc: 0.6146 - val_loss: 0.6673 - learning_rate: 0.0010
Epoch 9/40
40/40 - 1s - 31ms/step - auc: 0.6155 - loss: 0.6673 - val_auc: 0.6161 - val_loss: 0.6669 - learning_rate: 0.0010
Epoch 10/40
40/40 - 1s - 31ms/step - auc: 0.6189 - loss: 0.6654 - val_auc: 0.6164 - val_loss: 0.6666 - learning_rate: 0.0010
Epoch 11/40
40/40 - 1s - 30ms/step - auc: 0.6203 - loss: 0.6646 - val_auc: 0.6159 - val_loss: 0.6663 - learning_rate: 0.0010
Epoch 12/40
40/40 - 1s - 35ms/step - auc: 0.6243 - loss: 0.6627 - val_auc: 0.6163 - val_loss: 0.6660 - learning_rate: 0.0010
Epoch 13/40
40/40 - 1s - 33ms/step - auc: 0.6282 - loss: 0.6608 - val_auc: 0.6169 - val_loss: 0.6657 - learning_rate: 0.0010
Epoch 14/40
40/40 - 1s - 34ms/step - auc: 0.6287 - loss: 0.6600 - val_auc: 0.6181 - val_loss: 0.6650 - learning_rate: 0.0010
Epoch 15/40
40/40 - 1s - 33ms/step - auc: 0.6337 - loss: 0.6580 - val_auc: 0.6191 - val_loss: 0.6643 - learning_rate: 0.0010
Epoch 16/40
40/40 - 1s - 34ms/step - auc: 0.6347 - loss: 0.6571 - val_auc: 0.6193 - val_loss: 0.6642 - learning_rate: 0.0010
Epoch 17/40
40/40 - 1s - 31ms/step - auc: 0.6372 - loss: 0.6559 - val_auc: 0.6189 - val_loss: 0.6641 - learning_rate: 0.0010
Epoch 18/40
40/40 - 1s - 31ms/step - auc: 0.6393 - loss: 0.6550 - val_auc: 0.6222 - val_loss: 0.6632 - learning_rate: 0.0010
Epoch 19/40
40/40 - 1s - 33ms/step - auc: 0.6409 - loss: 0.6537 - val_auc: 0.6221 - val_loss: 0.6631 - learning_rate: 0.0010
Epoch 20/40
40/40 - 1s - 36ms/step - auc: 0.6419 - loss: 0.6530 - val_auc: 0.6230 - val_loss: 0.6633 - learning_rate: 0.0010
Epoch 21/40
40/40 - 1s - 34ms/step - auc: 0.6460 - loss: 0.6515 - val_auc: 0.6237 - val_loss: 0.6624 - learning_rate: 0.0010
Epoch 22/40
40/40 - 1s - 35ms/step - auc: 0.6465 - loss: 0.6510 - val_auc: 0.6247 - val_loss: 0.6619 - learning_rate: 0.0010
Epoch 23/40
40/40 - 1s - 36ms/step - auc: 0.6488 - loss: 0.6498 - val_auc: 0.6256 - val_loss: 0.6608 - learning_rate: 0.0010
Epoch 24/40
40/40 - 1s - 36ms/step - auc: 0.6506 - loss: 0.6485 - val_auc: 0.6255 - val_loss: 0.6610 - learning_rate: 0.0010
Epoch 25/40
40/40 - 1s - 36ms/step - auc: 0.6531 - loss: 0.6473 - val_auc: 0.6259 - val_loss: 0.6614 - learning_rate: 0.0010
Epoch 26/40
40/40 - 1s - 35ms/step - auc: 0.6546 - loss: 0.6460 - val_auc: 0.6263 - val_loss: 0.6609 - learning_rate: 0.0010
Epoch 27/40
40/40 - 1s - 33ms/step - auc: 0.6570 - loss: 0.6449 - val_auc: 0.6288 - val_loss: 0.6602 - learning_rate: 5.0000e-04
Epoch 28/40
40/40 - 1s - 35ms/step - auc: 0.6572 - loss: 0.6446 - val_auc: 0.6278 - val_loss: 0.6607 - learning_rate: 5.0000e-04
Epoch 29/40
40/40 - 1s - 33ms/step - auc: 0.6580 - loss: 0.6441 - val_auc: 0.6279 - val_loss: 0.6604 - learning_rate: 5.0000e-04
Epoch 30/40
40/40 - 1s - 32ms/step - auc: 0.6592 - loss: 0.6438 - val_auc: 0.6290 - val_loss: 0.6601 - learning_rate: 5.0000e-04
Epoch 31/40
40/40 - 1s - 36ms/step - auc: 0.6619 - loss: 0.6424 - val_auc: 0.6291 - val_loss: 0.6601 - learning_rate: 5.0000e-04
Epoch 32/40
40/40 - 1s - 36ms/step - auc: 0.6632 - loss: 0.6415 - val_auc: 0.6288 - val_loss: 0.6603 - learning_rate: 5.0000e-04
Epoch 33/40
40/40 - 2s - 38ms/step - auc: 0.6622 - loss: 0.6418 - val_auc: 0.6294 - val_loss: 0.6601 - learning_rate: 5.0000e-04
Epoch 34/40
40/40 - 1s - 36ms/step - auc: 0.6642 - loss: 0.6404 - val_auc: 0.6281 - val_loss: 0.6607 - learning_rate: 2.5000e-04
Epoch 35/40
40/40 - 1s - 37ms/step - auc: 0.6638 - loss: 0.6408 - val_auc: 0.6288 - val_loss: 0.6605 - learning_rate: 2.5000e-04
Epoch 36/40
40/40 - 1s - 33ms/step - auc: 0.6650 - loss: 0.6403 - val_auc: 0.6283 - val_loss: 0.6603 - learning_rate: 2.5000e-04
Epoch 37/40
40/40 - 1s - 37ms/step - auc: 0.6651 - loss: 0.6400 - val_auc: 0.6283 - val_loss: 0.6603 - learning_rate: 1.2500e-04
Epoch 38/40
40/40 - 1s - 34ms/step - auc: 0.6651 - loss: 0.6398 - val_auc: 0.6286 - val_loss: 0.6602 - learning_rate: 1.2500e-04
Epoch 39/40
40/40 - 1s - 32ms/step - auc: 0.6664 - loss: 0.6394 - val_auc: 0.6288 - val_loss: 0.6600 - learning_rate: 1.2500e-04
Epoch 40/40
40/40 - 1s - 32ms/step - auc: 0.6662 - loss: 0.6393 - val_auc: 0.6283 - val_loss: 0.6603 - learning_rate: 6.2500e-05
[fit] mlp done in 57.2s (40 epochs)
    fold ok in 92s
  [oof fold 5/5] train=161,666 out=40,416
[fit] logreg done in 0.3s
[fit] rf-calibrated done in 33.4s
Epoch 1/40
40/40 - 4s - 103ms/step - auc: 0.5237 - loss: 0.7935 - val_auc: 0.6106 - val_loss: 0.6721 - learning_rate: 0.0010
Epoch 2/40
40/40 - 2s - 39ms/step - auc: 0.5452 - loss: 0.7380 - val_auc: 0.6252 - val_loss: 0.6619 - learning_rate: 0.0010
Epoch 3/40
40/40 - 2s - 42ms/step - auc: 0.5592 - loss: 0.7164 - val_auc: 0.6310 - val_loss: 0.6586 - learning_rate: 0.0010
Epoch 4/40
40/40 - 2s - 40ms/step - auc: 0.5683 - loss: 0.7024 - val_auc: 0.6342 - val_loss: 0.6566 - learning_rate: 0.0010
Epoch 5/40
40/40 - 2s - 38ms/step - auc: 0.5781 - loss: 0.6919 - val_auc: 0.6376 - val_loss: 0.6556 - learning_rate: 0.0010
Epoch 6/40
40/40 - 2s - 40ms/step - auc: 0.5861 - loss: 0.6844 - val_auc: 0.6388 - val_loss: 0.6550 - learning_rate: 0.0010
Epoch 7/40
40/40 - 2s - 40ms/step - auc: 0.5931 - loss: 0.6800 - val_auc: 0.6398 - val_loss: 0.6544 - learning_rate: 0.0010
Epoch 8/40
40/40 - 2s - 40ms/step - auc: 0.5990 - loss: 0.6764 - val_auc: 0.6429 - val_loss: 0.6536 - learning_rate: 0.0010
Epoch 9/40
40/40 - 2s - 40ms/step - auc: 0.6040 - loss: 0.6736 - val_auc: 0.6445 - val_loss: 0.6528 - learning_rate: 0.0010
Epoch 10/40
40/40 - 2s - 40ms/step - auc: 0.6069 - loss: 0.6720 - val_auc: 0.6470 - val_loss: 0.6518 - learning_rate: 0.0010
Epoch 11/40
40/40 - 1s - 37ms/step - auc: 0.6119 - loss: 0.6697 - val_auc: 0.6472 - val_loss: 0.6510 - learning_rate: 0.0010
Epoch 12/40
40/40 - 1s - 36ms/step - auc: 0.6150 - loss: 0.6682 - val_auc: 0.6485 - val_loss: 0.6498 - learning_rate: 0.0010
Epoch 13/40
40/40 - 1s - 37ms/step - auc: 0.6163 - loss: 0.6675 - val_auc: 0.6497 - val_loss: 0.6489 - learning_rate: 0.0010
Epoch 14/40
40/40 - 1s - 37ms/step - auc: 0.6173 - loss: 0.6667 - val_auc: 0.6510 - val_loss: 0.6488 - learning_rate: 0.0010
Epoch 15/40
40/40 - 2s - 38ms/step - auc: 0.6219 - loss: 0.6647 - val_auc: 0.6526 - val_loss: 0.6473 - learning_rate: 0.0010
Epoch 16/40
40/40 - 2s - 39ms/step - auc: 0.6224 - loss: 0.6643 - val_auc: 0.6534 - val_loss: 0.6466 - learning_rate: 0.0010
Epoch 17/40
40/40 - 2s - 43ms/step - auc: 0.6262 - loss: 0.6626 - val_auc: 0.6526 - val_loss: 0.6470 - learning_rate: 0.0010
Epoch 18/40
40/40 - 2s - 39ms/step - auc: 0.6273 - loss: 0.6621 - val_auc: 0.6523 - val_loss: 0.6460 - learning_rate: 0.0010
Epoch 19/40
40/40 - 1s - 37ms/step - auc: 0.6304 - loss: 0.6606 - val_auc: 0.6538 - val_loss: 0.6455 - learning_rate: 0.0010
Epoch 20/40
40/40 - 2s - 39ms/step - auc: 0.6311 - loss: 0.6598 - val_auc: 0.6544 - val_loss: 0.6450 - learning_rate: 0.0010
Epoch 21/40
40/40 - 2s - 38ms/step - auc: 0.6359 - loss: 0.6580 - val_auc: 0.6544 - val_loss: 0.6447 - learning_rate: 0.0010
Epoch 22/40
40/40 - 2s - 49ms/step - auc: 0.6372 - loss: 0.6572 - val_auc: 0.6555 - val_loss: 0.6439 - learning_rate: 0.0010
Epoch 23/40
40/40 - 2s - 39ms/step - auc: 0.6386 - loss: 0.6566 - val_auc: 0.6568 - val_loss: 0.6427 - learning_rate: 0.0010
Epoch 24/40
40/40 - 1s - 36ms/step - auc: 0.6398 - loss: 0.6557 - val_auc: 0.6552 - val_loss: 0.6427 - learning_rate: 0.0010
Epoch 25/40
40/40 - 2s - 41ms/step - auc: 0.6409 - loss: 0.6550 - val_auc: 0.6564 - val_loss: 0.6424 - learning_rate: 0.0010
Epoch 26/40
40/40 - 2s - 41ms/step - auc: 0.6442 - loss: 0.6532 - val_auc: 0.6559 - val_loss: 0.6418 - learning_rate: 0.0010
Epoch 27/40
40/40 - 2s - 40ms/step - auc: 0.6469 - loss: 0.6523 - val_auc: 0.6569 - val_loss: 0.6406 - learning_rate: 0.0010
Epoch 28/40
40/40 - 2s - 40ms/step - auc: 0.6482 - loss: 0.6511 - val_auc: 0.6554 - val_loss: 0.6410 - learning_rate: 0.0010
Epoch 29/40
40/40 - 2s - 38ms/step - auc: 0.6510 - loss: 0.6497 - val_auc: 0.6566 - val_loss: 0.6411 - learning_rate: 0.0010
Epoch 30/40
40/40 - 2s - 41ms/step - auc: 0.6507 - loss: 0.6498 - val_auc: 0.6566 - val_loss: 0.6399 - learning_rate: 0.0010
Epoch 31/40
40/40 - 2s - 38ms/step - auc: 0.6517 - loss: 0.6488 - val_auc: 0.6578 - val_loss: 0.6389 - learning_rate: 0.0010
Epoch 32/40
40/40 - 2s - 38ms/step - auc: 0.6549 - loss: 0.6471 - val_auc: 0.6580 - val_loss: 0.6392 - learning_rate: 0.0010
Epoch 33/40
40/40 - 2s - 40ms/step - auc: 0.6560 - loss: 0.6468 - val_auc: 0.6574 - val_loss: 0.6383 - learning_rate: 0.0010
Epoch 34/40
40/40 - 2s - 44ms/step - auc: 0.6569 - loss: 0.6462 - val_auc: 0.6585 - val_loss: 0.6376 - learning_rate: 0.0010
Epoch 35/40
40/40 - 2s - 38ms/step - auc: 0.6582 - loss: 0.6451 - val_auc: 0.6586 - val_loss: 0.6377 - learning_rate: 0.0010
Epoch 36/40
40/40 - 2s - 39ms/step - auc: 0.6608 - loss: 0.6438 - val_auc: 0.6587 - val_loss: 0.6377 - learning_rate: 0.0010
Epoch 37/40
40/40 - 2s - 42ms/step - auc: 0.6611 - loss: 0.6432 - val_auc: 0.6580 - val_loss: 0.6368 - learning_rate: 0.0010
Epoch 38/40
40/40 - 1s - 36ms/step - auc: 0.6633 - loss: 0.6426 - val_auc: 0.6564 - val_loss: 0.6383 - learning_rate: 0.0010
Epoch 39/40
40/40 - 2s - 38ms/step - auc: 0.6640 - loss: 0.6419 - val_auc: 0.6586 - val_loss: 0.6368 - learning_rate: 0.0010
Epoch 40/40
40/40 - 2s - 41ms/step - auc: 0.6652 - loss: 0.6412 - val_auc: 0.6605 - val_loss: 0.6361 - learning_rate: 0.0010
[fit] mlp done in 65.9s (40 epochs)
    fold ok in 100s
[stacking] OOF done in 475s
  meta LogReg coefs (logreg,rf,mlp): logreg=-2.485  rf=+5.091  mlp=+0.912  intercept=-1.768
  meta LogReg coefs (logreg,mlp): logreg=+0.046  mlp=+4.107  intercept=-1.973
[bases] refitting on full train...
[fit] logreg done in 0.6s
[fit] rf-calibrated done in 46.8s
Epoch 1/40
50/50 - 4s - 90ms/step - auc: 0.5322 - loss: 0.7834 - val_auc: 0.5688 - val_loss: 0.7584 - learning_rate: 0.0010
Epoch 2/40
50/50 - 2s - 37ms/step - auc: 0.5569 - loss: 0.7263 - val_auc: 0.5839 - val_loss: 0.7219 - learning_rate: 0.0010
Epoch 3/40
50/50 - 2s - 32ms/step - auc: 0.5724 - loss: 0.7041 - val_auc: 0.5994 - val_loss: 0.7197 - learning_rate: 0.0010
Epoch 4/40
50/50 - 2s - 38ms/step - auc: 0.5835 - loss: 0.6902 - val_auc: 0.6014 - val_loss: 0.7131 - learning_rate: 0.0010
Epoch 5/40
50/50 - 2s - 33ms/step - auc: 0.5936 - loss: 0.6812 - val_auc: 0.6039 - val_loss: 0.7055 - learning_rate: 0.0010
Epoch 6/40
50/50 - 2s - 34ms/step - auc: 0.6027 - loss: 0.6744 - val_auc: 0.6029 - val_loss: 0.7090 - learning_rate: 0.0010
Epoch 7/40
50/50 - 2s - 31ms/step - auc: 0.6077 - loss: 0.6713 - val_auc: 0.6037 - val_loss: 0.7065 - learning_rate: 0.0010
Epoch 8/40
50/50 - 2s - 39ms/step - auc: 0.6110 - loss: 0.6691 - val_auc: 0.6049 - val_loss: 0.7085 - learning_rate: 0.0010
Epoch 9/40
50/50 - 2s - 38ms/step - auc: 0.6165 - loss: 0.6666 - val_auc: 0.6052 - val_loss: 0.7126 - learning_rate: 5.0000e-04
Epoch 10/40
50/50 - 2s - 37ms/step - auc: 0.6175 - loss: 0.6658 - val_auc: 0.6060 - val_loss: 0.7118 - learning_rate: 5.0000e-04
Epoch 11/40
50/50 - 2s - 35ms/step - auc: 0.6188 - loss: 0.6652 - val_auc: 0.6057 - val_loss: 0.7121 - learning_rate: 5.0000e-04
Epoch 12/40
50/50 - 2s - 38ms/step - auc: 0.6216 - loss: 0.6640 - val_auc: 0.6066 - val_loss: 0.7153 - learning_rate: 2.5000e-04
Epoch 13/40
50/50 - 2s - 39ms/step - auc: 0.6209 - loss: 0.6641 - val_auc: 0.6063 - val_loss: 0.7163 - learning_rate: 2.5000e-04
/Users/pontusneumann/Documents/GitHub/CBS-Spring26/ML/report/pontus/scripts/22_v2_pipeline.py:435: RuntimeWarning: overflow encountered in scalar multiply
  pnl = stake * ((1 - y_te[i]) / (1 - mip) - 1.0)
/Users/pontusneumann/Documents/GitHub/CBS-Spring26/ML/report/pontus/scripts/22_v2_pipeline.py:433: RuntimeWarning: overflow encountered in scalar multiply
  pnl = stake * (y_te[i] / mip - 1.0)
/Users/pontusneumann/Documents/GitHub/CBS-Spring26/ML/report/pontus/scripts/22_v2_pipeline.py:439: RuntimeWarning: overflow encountered in scalar add
  bankroll += pnl
/Applications/anaconda3/envs/py312/lib/python3.12/site-packages/numpy/core/_methods.py:118: RuntimeWarning: overflow encountered in reduce
  ret = umr_sum(arr, axis, dtype, out, keepdims, where=where)
/Users/pontusneumann/Documents/GitHub/CBS-Spring26/ML/report/pontus/scripts/22_v2_pipeline.py:433: RuntimeWarning: overflow encountered in scalar multiply
  pnl = stake * (y_te[i] / mip - 1.0)
/Users/pontusneumann/Documents/GitHub/CBS-Spring26/ML/report/pontus/scripts/22_v2_pipeline.py:439: RuntimeWarning: overflow encountered in scalar add
  bankroll += pnl
/Applications/anaconda3/envs/py312/lib/python3.12/site-packages/numpy/core/_methods.py:118: RuntimeWarning: overflow encountered in reduce
  ret = umr_sum(arr, axis, dtype, out, keepdims, where=where)
/Applications/anaconda3/envs/py312/lib/python3.12/site-packages/matplotlib/axes/_base.py:3070: RuntimeWarning: overflow encountered in scalar add
  x0, x1 = inverse_trans.transform([x0t - delta, x1t + delta])
[fit] mlp done in 26.4s (13 epochs)
[calibration stack_all]    picked isotonic  val_cv_ece_iso=0.0386  val_cv_ece_platt=0.0398
[calibration stack_no_rf]  picked platt  val_cv_ece_iso=0.0728  val_cv_ece_platt=0.0700
[calibration] winner by val ROC: stack_all  (stack_all=0.6247  stack_no_rf=0.6040)
[metrics logreg        ]  test roc=0.5734704607018931  brier=0.2475  ece=0.0426
[metrics rf            ]  test roc=0.5438095126826682  brier=0.2630  ece=0.0964
[metrics mlp           ]  test roc=0.5787015738380921  brier=0.2562  ece=0.0955
[metrics stack_all_raw ]  test roc=0.5388201304846356  brier=0.2706  ece=0.1146
[metrics stack_no_rf_raw]  test roc=0.5788277968881522  brier=0.2516  ece=0.0673
[metrics stack_all_cal ]  test roc=0.5403239806548488  brier=0.2588  ece=0.0879
[metrics stack_no_rf_cal]  test roc=0.578827808015008  brier=0.2498  ece=0.0644
[metrics stack_chosen  ]  test roc=0.5403239806548488  brier=0.2588  ece=0.0879

[xai] permutation importance on val (5 repeats/feature)...
[xai] done in 78s  top feature: size_vs_market_cumvol_pct (Δroc=+0.0465)
[residual-edge] test partial-corr = +0.1787  (alex baseline: +0.06)
[backtest kelly]  general PnL $inf  (+inf%)   home_run PnL $inf  (+inf%)
[backtest clipped] general PnL $4,815,397   home_run PnL $617,873

[bootstrap] wallet-level 95% CI on test metrics...
[bootstrap] test ROC = 0.5403  95% CI [0.5266, 0.5564] across 4,187 wallets
Epoch 1/40
50/50 - 2s - 44ms/step - loss: 1.2090 - val_loss: 2.2055
Epoch 2/40
50/50 - 0s - 8ms/step - loss: 0.8661 - val_loss: 1.9652
Epoch 3/40
50/50 - 1s - 10ms/step - loss: 0.7719 - val_loss: 1.7464
Epoch 4/40
50/50 - 1s - 12ms/step - loss: 0.7135 - val_loss: 1.5449
Epoch 5/40
50/50 - 0s - 9ms/step - loss: 0.6673 - val_loss: 1.4071
Epoch 6/40
50/50 - 0s - 8ms/step - loss: 0.6326 - val_loss: 1.3466
Epoch 7/40
50/50 - 0s - 7ms/step - loss: 0.6100 - val_loss: 1.3147
Epoch 8/40
50/50 - 0s - 8ms/step - loss: 0.5928 - val_loss: 1.2838
Epoch 9/40
50/50 - 0s - 9ms/step - loss: 0.5796 - val_loss: 1.2628
Epoch 10/40
50/50 - 0s - 9ms/step - loss: 0.5665 - val_loss: 1.2428
Epoch 11/40
50/50 - 0s - 9ms/step - loss: 0.5575 - val_loss: 1.2347
Epoch 12/40
50/50 - 0s - 10ms/step - loss: 0.5490 - val_loss: 1.2204
Epoch 13/40
50/50 - 0s - 9ms/step - loss: 0.5389 - val_loss: 1.2102
Epoch 14/40
50/50 - 0s - 9ms/step - loss: 0.5326 - val_loss: 1.2062
Epoch 15/40
50/50 - 0s - 8ms/step - loss: 0.5260 - val_loss: 1.1969
Epoch 16/40
50/50 - 1s - 12ms/step - loss: 0.5191 - val_loss: 1.1871
Epoch 17/40
50/50 - 0s - 9ms/step - loss: 0.5134 - val_loss: 1.1842
Epoch 18/40
50/50 - 0s - 9ms/step - loss: 0.5074 - val_loss: 1.1813
Epoch 19/40
50/50 - 1s - 11ms/step - loss: 0.5016 - val_loss: 1.1711
Epoch 20/40
50/50 - 0s - 9ms/step - loss: 0.4960 - val_loss: 1.1736
Epoch 21/40
50/50 - 0s - 9ms/step - loss: 0.4935 - val_loss: 1.1698
Epoch 22/40
50/50 - 0s - 8ms/step - loss: 0.4899 - val_loss: 1.1614
Epoch 23/40
50/50 - 1s - 10ms/step - loss: 0.4878 - val_loss: 1.1586
Epoch 24/40
50/50 - 0s - 9ms/step - loss: 0.4847 - val_loss: 1.1480
Epoch 25/40
50/50 - 0s - 9ms/step - loss: 0.4807 - val_loss: 1.1495
Epoch 26/40
50/50 - 1s - 12ms/step - loss: 0.4785 - val_loss: 1.1388
Epoch 27/40
50/50 - 0s - 9ms/step - loss: 0.4786 - val_loss: 1.1473
Epoch 28/40
50/50 - 0s - 9ms/step - loss: 0.4762 - val_loss: 1.1359
Epoch 29/40
50/50 - 0s - 9ms/step - loss: 0.4730 - val_loss: 1.1287
Epoch 30/40
50/50 - 0s - 9ms/step - loss: 0.4725 - val_loss: 1.1151
Epoch 31/40
50/50 - 1s - 12ms/step - loss: 0.4691 - val_loss: 1.1217
Epoch 32/40
50/50 - 1s - 11ms/step - loss: 0.4688 - val_loss: 1.1210
Epoch 33/40
50/50 - 0s - 9ms/step - loss: 0.4676 - val_loss: 1.1160
Epoch 34/40
50/50 - 0s - 8ms/step - loss: 0.4649 - val_loss: 1.1120
Epoch 35/40
50/50 - 1s - 13ms/step - loss: 0.4633 - val_loss: 1.0981
Epoch 36/40
50/50 - 0s - 8ms/step - loss: 0.4604 - val_loss: 1.0979
Epoch 37/40
50/50 - 0s - 10ms/step - loss: 0.4604 - val_loss: 1.0952
Epoch 38/40
50/50 - 0s - 9ms/step - loss: 0.4580 - val_loss: 1.0910
Epoch 39/40
50/50 - 1s - 10ms/step - loss: 0.4559 - val_loss: 1.0935
Epoch 40/40
50/50 - 0s - 8ms/step - loss: 0.4524 - val_loss: 1.0922
[fit] autoencoder done in 20.7s (40 epochs)
[fit] isolation forest done in 1.7s
[overlap] |edge|∩recon at top-10% = 144 vs null 134 (×1.07)
[magamyman] flagged_rows=2  p_hat_pct_rank_mean=0.099

[done] 11.1 min total; stack_chosen test ROC = 0.5403  (95% CI 0.5266–0.5564)
