2026-04-23 16:44:52.709420: I tensorflow/core/platform/cpu_feature_guard.cc:210] This TensorFlow binary is optimized to use available CPU instructions in performance-critical operations.
To enable the following instructions: AVX2 FMA, in other operations, rebuild TensorFlow with the appropriate compiler flags.
[out] /Users/pontusneumann/Documents/GitHub/CBS-Spring26/ML/report/pontus/outputs/v2_residualised
[load] train / val / test parquets
  train=202,082  val=13,154  test=13,414  features=36
[residualise] 25 continuous features residualised; 11 skipped (binary / already-normalised)
[residualise] done in 1.1s
[preproc] winsorised 2 columns on [0.01, 0.99]
[shape] X_tr=(202082, 36)  X_va=(13154, 36)  X_te=(13414, 36)  n_wallets_train=28974

[stacking] GroupKFold OOF base predictions, 5 folds...
  [oof fold 1/5] train=161,665 out=40,417
[fit] logreg done in 0.5s
[fit] rf-calibrated done in 80.9s
Epoch 1/40
40/40 - 5s - 116ms/step - auc: 0.5305 - loss: 0.7899 - val_auc: 0.5488 - val_loss: 0.7094 - learning_rate: 0.0010
Epoch 2/40
40/40 - 1s - 37ms/step - auc: 0.5461 - loss: 0.7354 - val_auc: 0.5636 - val_loss: 0.7038 - learning_rate: 0.0010
Epoch 3/40
40/40 - 2s - 50ms/step - auc: 0.5587 - loss: 0.7145 - val_auc: 0.5667 - val_loss: 0.7009 - learning_rate: 0.0010
Epoch 4/40
40/40 - 2s - 42ms/step - auc: 0.5726 - loss: 0.6987 - val_auc: 0.5741 - val_loss: 0.6990 - learning_rate: 0.0010
Epoch 5/40
40/40 - 2s - 38ms/step - auc: 0.5846 - loss: 0.6887 - val_auc: 0.5742 - val_loss: 0.6947 - learning_rate: 0.0010
Epoch 6/40
40/40 - 2s - 39ms/step - auc: 0.5943 - loss: 0.6822 - val_auc: 0.5764 - val_loss: 0.6930 - learning_rate: 0.0010
Epoch 7/40
40/40 - 2s - 38ms/step - auc: 0.6001 - loss: 0.6774 - val_auc: 0.5774 - val_loss: 0.6912 - learning_rate: 0.0010
Epoch 8/40
40/40 - 1s - 37ms/step - auc: 0.6102 - loss: 0.6728 - val_auc: 0.5825 - val_loss: 0.6879 - learning_rate: 0.0010
Epoch 9/40
40/40 - 1s - 37ms/step - auc: 0.6147 - loss: 0.6702 - val_auc: 0.5875 - val_loss: 0.6852 - learning_rate: 0.0010
Epoch 10/40
40/40 - 2s - 39ms/step - auc: 0.6227 - loss: 0.6668 - val_auc: 0.5917 - val_loss: 0.6828 - learning_rate: 0.0010
Epoch 11/40
40/40 - 2s - 48ms/step - auc: 0.6293 - loss: 0.6635 - val_auc: 0.5972 - val_loss: 0.6812 - learning_rate: 0.0010
Epoch 12/40
40/40 - 2s - 43ms/step - auc: 0.6368 - loss: 0.6600 - val_auc: 0.6022 - val_loss: 0.6789 - learning_rate: 0.0010
Epoch 13/40
40/40 - 2s - 45ms/step - auc: 0.6452 - loss: 0.6556 - val_auc: 0.6089 - val_loss: 0.6757 - learning_rate: 0.0010
Epoch 14/40
40/40 - 2s - 46ms/step - auc: 0.6502 - loss: 0.6529 - val_auc: 0.6150 - val_loss: 0.6733 - learning_rate: 0.0010
Epoch 15/40
40/40 - 2s - 41ms/step - auc: 0.6561 - loss: 0.6497 - val_auc: 0.6188 - val_loss: 0.6723 - learning_rate: 0.0010
Epoch 16/40
40/40 - 2s - 38ms/step - auc: 0.6608 - loss: 0.6473 - val_auc: 0.6209 - val_loss: 0.6713 - learning_rate: 0.0010
Epoch 17/40
40/40 - 2s - 46ms/step - auc: 0.6656 - loss: 0.6443 - val_auc: 0.6248 - val_loss: 0.6687 - learning_rate: 0.0010
Epoch 18/40
40/40 - 2s - 41ms/step - auc: 0.6696 - loss: 0.6421 - val_auc: 0.6277 - val_loss: 0.6679 - learning_rate: 0.0010
Epoch 19/40
40/40 - 2s - 43ms/step - auc: 0.6731 - loss: 0.6400 - val_auc: 0.6293 - val_loss: 0.6675 - learning_rate: 0.0010
Epoch 20/40
40/40 - 2s - 53ms/step - auc: 0.6769 - loss: 0.6376 - val_auc: 0.6320 - val_loss: 0.6659 - learning_rate: 0.0010
Epoch 21/40
40/40 - 2s - 51ms/step - auc: 0.6789 - loss: 0.6361 - val_auc: 0.6326 - val_loss: 0.6658 - learning_rate: 0.0010
Epoch 22/40
40/40 - 2s - 61ms/step - auc: 0.6825 - loss: 0.6340 - val_auc: 0.6324 - val_loss: 0.6656 - learning_rate: 0.0010
Epoch 23/40
40/40 - 2s - 61ms/step - auc: 0.6846 - loss: 0.6323 - val_auc: 0.6347 - val_loss: 0.6642 - learning_rate: 0.0010
Epoch 24/40
40/40 - 3s - 64ms/step - auc: 0.6868 - loss: 0.6312 - val_auc: 0.6352 - val_loss: 0.6649 - learning_rate: 0.0010
Epoch 25/40
40/40 - 2s - 48ms/step - auc: 0.6894 - loss: 0.6292 - val_auc: 0.6360 - val_loss: 0.6644 - learning_rate: 0.0010
Epoch 26/40
40/40 - 2s - 40ms/step - auc: 0.6923 - loss: 0.6270 - val_auc: 0.6370 - val_loss: 0.6646 - learning_rate: 0.0010
Epoch 27/40
40/40 - 2s - 46ms/step - auc: 0.6935 - loss: 0.6263 - val_auc: 0.6384 - val_loss: 0.6635 - learning_rate: 5.0000e-04
Epoch 28/40
40/40 - 2s - 45ms/step - auc: 0.6950 - loss: 0.6247 - val_auc: 0.6386 - val_loss: 0.6645 - learning_rate: 5.0000e-04
Epoch 29/40
40/40 - 2s - 48ms/step - auc: 0.6966 - loss: 0.6237 - val_auc: 0.6398 - val_loss: 0.6629 - learning_rate: 5.0000e-04
Epoch 30/40
40/40 - 2s - 46ms/step - auc: 0.6977 - loss: 0.6230 - val_auc: 0.6398 - val_loss: 0.6637 - learning_rate: 5.0000e-04
Epoch 31/40
40/40 - 2s - 43ms/step - auc: 0.6990 - loss: 0.6220 - val_auc: 0.6407 - val_loss: 0.6633 - learning_rate: 5.0000e-04
Epoch 32/40
40/40 - 2s - 54ms/step - auc: 0.7002 - loss: 0.6210 - val_auc: 0.6411 - val_loss: 0.6636 - learning_rate: 5.0000e-04
Epoch 33/40
40/40 - 3s - 66ms/step - auc: 0.6995 - loss: 0.6212 - val_auc: 0.6417 - val_loss: 0.6636 - learning_rate: 2.5000e-04
Epoch 34/40
40/40 - 2s - 61ms/step - auc: 0.7015 - loss: 0.6204 - val_auc: 0.6410 - val_loss: 0.6634 - learning_rate: 2.5000e-04
Epoch 35/40
40/40 - 2s - 52ms/step - auc: 0.7030 - loss: 0.6194 - val_auc: 0.6414 - val_loss: 0.6637 - learning_rate: 2.5000e-04
Epoch 36/40
40/40 - 3s - 71ms/step - auc: 0.7031 - loss: 0.6192 - val_auc: 0.6414 - val_loss: 0.6637 - learning_rate: 1.2500e-04
Epoch 37/40
40/40 - 2s - 50ms/step - auc: 0.7029 - loss: 0.6192 - val_auc: 0.6410 - val_loss: 0.6640 - learning_rate: 1.2500e-04
[fit] mlp done in 73.4s (37 epochs)
    fold ok in 156s
  [oof fold 2/5] train=161,665 out=40,417
[fit] logreg done in 0.5s
[fit] rf-calibrated done in 69.9s
Epoch 1/40
40/40 - 4s - 111ms/step - auc: 0.5258 - loss: 0.7943 - val_auc: 0.5652 - val_loss: 0.6921 - learning_rate: 0.0010
Epoch 2/40
40/40 - 2s - 42ms/step - auc: 0.5423 - loss: 0.7389 - val_auc: 0.5781 - val_loss: 0.6821 - learning_rate: 0.0010
Epoch 3/40
40/40 - 2s - 42ms/step - auc: 0.5558 - loss: 0.7166 - val_auc: 0.5880 - val_loss: 0.6789 - learning_rate: 0.0010
Epoch 4/40
40/40 - 2s - 40ms/step - auc: 0.5666 - loss: 0.7024 - val_auc: 0.5934 - val_loss: 0.6766 - learning_rate: 0.0010
Epoch 5/40
40/40 - 2s - 43ms/step - auc: 0.5758 - loss: 0.6925 - val_auc: 0.6001 - val_loss: 0.6739 - learning_rate: 0.0010
Epoch 6/40
40/40 - 2s - 41ms/step - auc: 0.5871 - loss: 0.6845 - val_auc: 0.6033 - val_loss: 0.6728 - learning_rate: 0.0010
Epoch 7/40
40/40 - 2s - 39ms/step - auc: 0.5938 - loss: 0.6802 - val_auc: 0.6071 - val_loss: 0.6714 - learning_rate: 0.0010
Epoch 8/40
40/40 - 2s - 43ms/step - auc: 0.6020 - loss: 0.6760 - val_auc: 0.6091 - val_loss: 0.6705 - learning_rate: 0.0010
Epoch 9/40
40/40 - 2s - 42ms/step - auc: 0.6082 - loss: 0.6725 - val_auc: 0.6117 - val_loss: 0.6691 - learning_rate: 0.0010
Epoch 10/40
40/40 - 2s - 43ms/step - auc: 0.6128 - loss: 0.6709 - val_auc: 0.6145 - val_loss: 0.6677 - learning_rate: 0.0010
Epoch 11/40
40/40 - 2s - 39ms/step - auc: 0.6200 - loss: 0.6678 - val_auc: 0.6188 - val_loss: 0.6662 - learning_rate: 0.0010
Epoch 12/40
40/40 - 2s - 39ms/step - auc: 0.6266 - loss: 0.6645 - val_auc: 0.6268 - val_loss: 0.6630 - learning_rate: 0.0010
Epoch 13/40
40/40 - 2s - 41ms/step - auc: 0.6334 - loss: 0.6613 - val_auc: 0.6330 - val_loss: 0.6609 - learning_rate: 0.0010
Epoch 14/40
40/40 - 1s - 37ms/step - auc: 0.6411 - loss: 0.6572 - val_auc: 0.6401 - val_loss: 0.6586 - learning_rate: 0.0010
Epoch 15/40
40/40 - 2s - 44ms/step - auc: 0.6467 - loss: 0.6547 - val_auc: 0.6445 - val_loss: 0.6565 - learning_rate: 0.0010
Epoch 16/40
40/40 - 2s - 41ms/step - auc: 0.6530 - loss: 0.6511 - val_auc: 0.6466 - val_loss: 0.6546 - learning_rate: 0.0010
Epoch 17/40
40/40 - 1s - 37ms/step - auc: 0.6573 - loss: 0.6488 - val_auc: 0.6469 - val_loss: 0.6542 - learning_rate: 0.0010
Epoch 18/40
40/40 - 2s - 42ms/step - auc: 0.6632 - loss: 0.6460 - val_auc: 0.6479 - val_loss: 0.6527 - learning_rate: 0.0010
Epoch 19/40
40/40 - 2s - 45ms/step - auc: 0.6627 - loss: 0.6454 - val_auc: 0.6519 - val_loss: 0.6509 - learning_rate: 0.0010
Epoch 20/40
40/40 - 2s - 47ms/step - auc: 0.6688 - loss: 0.6424 - val_auc: 0.6535 - val_loss: 0.6496 - learning_rate: 0.0010
Epoch 21/40
40/40 - 2s - 41ms/step - auc: 0.6698 - loss: 0.6412 - val_auc: 0.6570 - val_loss: 0.6473 - learning_rate: 0.0010
Epoch 22/40
40/40 - 2s - 51ms/step - auc: 0.6737 - loss: 0.6390 - val_auc: 0.6551 - val_loss: 0.6478 - learning_rate: 0.0010
Epoch 23/40
40/40 - 2s - 52ms/step - auc: 0.6757 - loss: 0.6371 - val_auc: 0.6576 - val_loss: 0.6455 - learning_rate: 0.0010
Epoch 24/40
40/40 - 2s - 47ms/step - auc: 0.6788 - loss: 0.6353 - val_auc: 0.6608 - val_loss: 0.6441 - learning_rate: 0.0010
Epoch 25/40
40/40 - 2s - 56ms/step - auc: 0.6820 - loss: 0.6334 - val_auc: 0.6585 - val_loss: 0.6451 - learning_rate: 0.0010
Epoch 26/40
40/40 - 2s - 47ms/step - auc: 0.6836 - loss: 0.6322 - val_auc: 0.6667 - val_loss: 0.6399 - learning_rate: 0.0010
Epoch 27/40
40/40 - 2s - 43ms/step - auc: 0.6859 - loss: 0.6306 - val_auc: 0.6667 - val_loss: 0.6392 - learning_rate: 0.0010
Epoch 28/40
40/40 - 2s - 43ms/step - auc: 0.6894 - loss: 0.6282 - val_auc: 0.6691 - val_loss: 0.6383 - learning_rate: 0.0010
Epoch 29/40
40/40 - 2s - 50ms/step - auc: 0.6897 - loss: 0.6280 - val_auc: 0.6660 - val_loss: 0.6400 - learning_rate: 0.0010
Epoch 30/40
40/40 - 2s - 48ms/step - auc: 0.6928 - loss: 0.6259 - val_auc: 0.6650 - val_loss: 0.6402 - learning_rate: 0.0010
Epoch 31/40
40/40 - 2s - 47ms/step - auc: 0.6938 - loss: 0.6245 - val_auc: 0.6673 - val_loss: 0.6395 - learning_rate: 0.0010
Epoch 32/40
40/40 - 2s - 45ms/step - auc: 0.6950 - loss: 0.6236 - val_auc: 0.6699 - val_loss: 0.6380 - learning_rate: 5.0000e-04
Epoch 33/40
40/40 - 2s - 45ms/step - auc: 0.6972 - loss: 0.6224 - val_auc: 0.6685 - val_loss: 0.6388 - learning_rate: 5.0000e-04
Epoch 34/40
40/40 - 2s - 51ms/step - auc: 0.6977 - loss: 0.6215 - val_auc: 0.6688 - val_loss: 0.6386 - learning_rate: 5.0000e-04
Epoch 35/40
40/40 - 2s - 50ms/step - auc: 0.7003 - loss: 0.6202 - val_auc: 0.6708 - val_loss: 0.6377 - learning_rate: 5.0000e-04
Epoch 36/40
40/40 - 2s - 45ms/step - auc: 0.7002 - loss: 0.6202 - val_auc: 0.6698 - val_loss: 0.6381 - learning_rate: 5.0000e-04
Epoch 37/40
40/40 - 2s - 48ms/step - auc: 0.7004 - loss: 0.6200 - val_auc: 0.6681 - val_loss: 0.6392 - learning_rate: 5.0000e-04
Epoch 38/40
40/40 - 2s - 46ms/step - auc: 0.7036 - loss: 0.6179 - val_auc: 0.6666 - val_loss: 0.6409 - learning_rate: 5.0000e-04
Epoch 39/40
40/40 - 2s - 46ms/step - auc: 0.7027 - loss: 0.6182 - val_auc: 0.6672 - val_loss: 0.6404 - learning_rate: 2.5000e-04
Epoch 40/40
40/40 - 2s - 49ms/step - auc: 0.7034 - loss: 0.6177 - val_auc: 0.6676 - val_loss: 0.6403 - learning_rate: 2.5000e-04
[fit] mlp done in 74.2s (40 epochs)
    fold ok in 146s
  [oof fold 3/5] train=161,666 out=40,416
[fit] logreg done in 0.4s
[fit] rf-calibrated done in 65.6s
Epoch 1/40
40/40 - 5s - 116ms/step - auc: 0.5301 - loss: 0.7916 - val_auc: 0.5613 - val_loss: 0.6943 - learning_rate: 0.0010
Epoch 2/40
40/40 - 2s - 47ms/step - auc: 0.5465 - loss: 0.7360 - val_auc: 0.5732 - val_loss: 0.6871 - learning_rate: 0.0010
Epoch 3/40
40/40 - 2s - 44ms/step - auc: 0.5596 - loss: 0.7155 - val_auc: 0.5851 - val_loss: 0.6822 - learning_rate: 0.0010
Epoch 4/40
40/40 - 3s - 63ms/step - auc: 0.5728 - loss: 0.6997 - val_auc: 0.5966 - val_loss: 0.6779 - learning_rate: 0.0010
Epoch 5/40
40/40 - 2s - 62ms/step - auc: 0.5819 - loss: 0.6904 - val_auc: 0.6029 - val_loss: 0.6762 - learning_rate: 0.0010
Epoch 6/40
40/40 - 3s - 65ms/step - auc: 0.5936 - loss: 0.6819 - val_auc: 0.6070 - val_loss: 0.6750 - learning_rate: 0.0010
Epoch 7/40
40/40 - 2s - 50ms/step - auc: 0.6010 - loss: 0.6773 - val_auc: 0.6090 - val_loss: 0.6742 - learning_rate: 0.0010
Epoch 8/40
40/40 - 2s - 46ms/step - auc: 0.6077 - loss: 0.6736 - val_auc: 0.6120 - val_loss: 0.6730 - learning_rate: 0.0010
Epoch 9/40
40/40 - 2s - 40ms/step - auc: 0.6125 - loss: 0.6712 - val_auc: 0.6153 - val_loss: 0.6716 - learning_rate: 0.0010
Epoch 10/40
40/40 - 2s - 41ms/step - auc: 0.6212 - loss: 0.6673 - val_auc: 0.6214 - val_loss: 0.6696 - learning_rate: 0.0010
Epoch 11/40
40/40 - 2s - 45ms/step - auc: 0.6282 - loss: 0.6640 - val_auc: 0.6273 - val_loss: 0.6667 - learning_rate: 0.0010
Epoch 12/40
40/40 - 2s - 53ms/step - auc: 0.6361 - loss: 0.6604 - val_auc: 0.6331 - val_loss: 0.6639 - learning_rate: 0.0010
Epoch 13/40
40/40 - 2s - 58ms/step - auc: 0.6408 - loss: 0.6580 - val_auc: 0.6400 - val_loss: 0.6614 - learning_rate: 0.0010
Epoch 14/40
40/40 - 2s - 62ms/step - auc: 0.6480 - loss: 0.6544 - val_auc: 0.6442 - val_loss: 0.6589 - learning_rate: 0.0010
Epoch 15/40
40/40 - 2s - 58ms/step - auc: 0.6529 - loss: 0.6516 - val_auc: 0.6465 - val_loss: 0.6575 - learning_rate: 0.0010
Epoch 16/40
40/40 - 3s - 74ms/step - auc: 0.6580 - loss: 0.6492 - val_auc: 0.6493 - val_loss: 0.6567 - learning_rate: 0.0010
Epoch 17/40
40/40 - 2s - 53ms/step - auc: 0.6626 - loss: 0.6459 - val_auc: 0.6515 - val_loss: 0.6550 - learning_rate: 0.0010
Epoch 18/40
40/40 - 2s - 55ms/step - auc: 0.6668 - loss: 0.6437 - val_auc: 0.6537 - val_loss: 0.6539 - learning_rate: 0.0010
Epoch 19/40
40/40 - 2s - 44ms/step - auc: 0.6697 - loss: 0.6419 - val_auc: 0.6560 - val_loss: 0.6525 - learning_rate: 0.0010
Epoch 20/40
40/40 - 2s - 44ms/step - auc: 0.6736 - loss: 0.6395 - val_auc: 0.6573 - val_loss: 0.6522 - learning_rate: 0.0010
Epoch 21/40
40/40 - 2s - 47ms/step - auc: 0.6757 - loss: 0.6381 - val_auc: 0.6577 - val_loss: 0.6527 - learning_rate: 0.0010
Epoch 22/40
40/40 - 2s - 43ms/step - auc: 0.6800 - loss: 0.6356 - val_auc: 0.6583 - val_loss: 0.6524 - learning_rate: 0.0010
Epoch 23/40
40/40 - 2s - 42ms/step - auc: 0.6816 - loss: 0.6345 - val_auc: 0.6603 - val_loss: 0.6511 - learning_rate: 0.0010
Epoch 24/40
40/40 - 2s - 43ms/step - auc: 0.6834 - loss: 0.6332 - val_auc: 0.6621 - val_loss: 0.6497 - learning_rate: 0.0010
Epoch 25/40
40/40 - 2s - 42ms/step - auc: 0.6861 - loss: 0.6316 - val_auc: 0.6625 - val_loss: 0.6499 - learning_rate: 0.0010
Epoch 26/40
40/40 - 2s - 51ms/step - auc: 0.6889 - loss: 0.6294 - val_auc: 0.6635 - val_loss: 0.6491 - learning_rate: 0.0010
Epoch 27/40
40/40 - 2s - 48ms/step - auc: 0.6911 - loss: 0.6274 - val_auc: 0.6647 - val_loss: 0.6498 - learning_rate: 0.0010
Epoch 28/40
40/40 - 2s - 49ms/step - auc: 0.6945 - loss: 0.6253 - val_auc: 0.6651 - val_loss: 0.6495 - learning_rate: 0.0010
Epoch 29/40
40/40 - 2s - 45ms/step - auc: 0.6951 - loss: 0.6248 - val_auc: 0.6661 - val_loss: 0.6477 - learning_rate: 0.0010
Epoch 30/40
40/40 - 2s - 51ms/step - auc: 0.6985 - loss: 0.6227 - val_auc: 0.6671 - val_loss: 0.6472 - learning_rate: 0.0010
Epoch 31/40
40/40 - 2s - 47ms/step - auc: 0.6999 - loss: 0.6214 - val_auc: 0.6665 - val_loss: 0.6491 - learning_rate: 0.0010
Epoch 32/40
40/40 - 2s - 48ms/step - auc: 0.7008 - loss: 0.6210 - val_auc: 0.6671 - val_loss: 0.6495 - learning_rate: 0.0010
Epoch 33/40
40/40 - 2s - 49ms/step - auc: 0.7026 - loss: 0.6196 - val_auc: 0.6680 - val_loss: 0.6483 - learning_rate: 0.0010
Epoch 34/40
40/40 - 2s - 47ms/step - auc: 0.7053 - loss: 0.6178 - val_auc: 0.6683 - val_loss: 0.6487 - learning_rate: 5.0000e-04
Epoch 35/40
40/40 - 2s - 45ms/step - auc: 0.7047 - loss: 0.6176 - val_auc: 0.6684 - val_loss: 0.6486 - learning_rate: 5.0000e-04
Epoch 36/40
40/40 - 2s - 43ms/step - auc: 0.7065 - loss: 0.6161 - val_auc: 0.6682 - val_loss: 0.6492 - learning_rate: 5.0000e-04
Epoch 37/40
40/40 - 2s - 47ms/step - auc: 0.7071 - loss: 0.6162 - val_auc: 0.6682 - val_loss: 0.6495 - learning_rate: 2.5000e-04
Epoch 38/40
40/40 - 2s - 46ms/step - auc: 0.7073 - loss: 0.6155 - val_auc: 0.6691 - val_loss: 0.6491 - learning_rate: 2.5000e-04
[fit] mlp done in 78.4s (38 epochs)
    fold ok in 145s
  [oof fold 4/5] train=161,666 out=40,416
[fit] logreg done in 0.6s
[fit] rf-calibrated done in 62.3s
Epoch 1/40
40/40 - 6s - 161ms/step - auc: 0.5277 - loss: 0.7916 - val_auc: 0.5706 - val_loss: 0.6930 - learning_rate: 0.0010
Epoch 2/40
40/40 - 2s - 52ms/step - auc: 0.5453 - loss: 0.7371 - val_auc: 0.5812 - val_loss: 0.6845 - learning_rate: 0.0010
Epoch 3/40
40/40 - 2s - 52ms/step - auc: 0.5603 - loss: 0.7151 - val_auc: 0.5837 - val_loss: 0.6828 - learning_rate: 0.0010
Epoch 4/40
40/40 - 2s - 45ms/step - auc: 0.5727 - loss: 0.7002 - val_auc: 0.5897 - val_loss: 0.6803 - learning_rate: 0.0010
Epoch 5/40
40/40 - 2s - 46ms/step - auc: 0.5846 - loss: 0.6894 - val_auc: 0.5925 - val_loss: 0.6783 - learning_rate: 0.0010
Epoch 6/40
40/40 - 2s - 45ms/step - auc: 0.5956 - loss: 0.6816 - val_auc: 0.5950 - val_loss: 0.6775 - learning_rate: 0.0010
Epoch 7/40
40/40 - 2s - 43ms/step - auc: 0.6020 - loss: 0.6773 - val_auc: 0.5977 - val_loss: 0.6765 - learning_rate: 0.0010
Epoch 8/40
40/40 - 2s - 42ms/step - auc: 0.6117 - loss: 0.6724 - val_auc: 0.6011 - val_loss: 0.6753 - learning_rate: 0.0010
Epoch 9/40
40/40 - 2s - 49ms/step - auc: 0.6165 - loss: 0.6700 - val_auc: 0.6052 - val_loss: 0.6741 - learning_rate: 0.0010
Epoch 10/40
40/40 - 2s - 42ms/step - auc: 0.6258 - loss: 0.6658 - val_auc: 0.6108 - val_loss: 0.6719 - learning_rate: 0.0010
Epoch 11/40
40/40 - 2s - 46ms/step - auc: 0.6317 - loss: 0.6630 - val_auc: 0.6175 - val_loss: 0.6694 - learning_rate: 0.0010
Epoch 12/40
40/40 - 2s - 49ms/step - auc: 0.6369 - loss: 0.6604 - val_auc: 0.6232 - val_loss: 0.6672 - learning_rate: 0.0010
Epoch 13/40
40/40 - 2s - 56ms/step - auc: 0.6458 - loss: 0.6562 - val_auc: 0.6289 - val_loss: 0.6646 - learning_rate: 0.0010
Epoch 14/40
40/40 - 2s - 52ms/step - auc: 0.6512 - loss: 0.6529 - val_auc: 0.6331 - val_loss: 0.6636 - learning_rate: 0.0010
Epoch 15/40
40/40 - 2s - 52ms/step - auc: 0.6563 - loss: 0.6503 - val_auc: 0.6355 - val_loss: 0.6627 - learning_rate: 0.0010
Epoch 16/40
40/40 - 2s - 46ms/step - auc: 0.6614 - loss: 0.6477 - val_auc: 0.6366 - val_loss: 0.6620 - learning_rate: 0.0010
Epoch 17/40
40/40 - 2s - 49ms/step - auc: 0.6659 - loss: 0.6451 - val_auc: 0.6391 - val_loss: 0.6606 - learning_rate: 0.0010
Epoch 18/40
40/40 - 2s - 55ms/step - auc: 0.6701 - loss: 0.6422 - val_auc: 0.6417 - val_loss: 0.6591 - learning_rate: 0.0010
Epoch 19/40
40/40 - 2s - 46ms/step - auc: 0.6744 - loss: 0.6401 - val_auc: 0.6423 - val_loss: 0.6587 - learning_rate: 0.0010
Epoch 20/40
40/40 - 2s - 46ms/step - auc: 0.6765 - loss: 0.6388 - val_auc: 0.6446 - val_loss: 0.6572 - learning_rate: 0.0010
Epoch 21/40
40/40 - 2s - 43ms/step - auc: 0.6782 - loss: 0.6374 - val_auc: 0.6456 - val_loss: 0.6568 - learning_rate: 0.0010
Epoch 22/40
40/40 - 2s - 52ms/step - auc: 0.6826 - loss: 0.6344 - val_auc: 0.6468 - val_loss: 0.6555 - learning_rate: 0.0010
Epoch 23/40
40/40 - 2s - 54ms/step - auc: 0.6841 - loss: 0.6336 - val_auc: 0.6491 - val_loss: 0.6545 - learning_rate: 0.0010
Epoch 24/40
40/40 - 2s - 45ms/step - auc: 0.6873 - loss: 0.6313 - val_auc: 0.6520 - val_loss: 0.6524 - learning_rate: 0.0010
Epoch 25/40
40/40 - 2s - 46ms/step - auc: 0.6893 - loss: 0.6296 - val_auc: 0.6516 - val_loss: 0.6527 - learning_rate: 0.0010
Epoch 26/40
40/40 - 2s - 43ms/step - auc: 0.6914 - loss: 0.6280 - val_auc: 0.6521 - val_loss: 0.6516 - learning_rate: 0.0010
Epoch 27/40
40/40 - 2s - 44ms/step - auc: 0.6936 - loss: 0.6265 - val_auc: 0.6555 - val_loss: 0.6492 - learning_rate: 0.0010
Epoch 28/40
40/40 - 2s - 46ms/step - auc: 0.6957 - loss: 0.6252 - val_auc: 0.6557 - val_loss: 0.6487 - learning_rate: 0.0010
Epoch 29/40
40/40 - 2s - 42ms/step - auc: 0.6966 - loss: 0.6241 - val_auc: 0.6564 - val_loss: 0.6481 - learning_rate: 0.0010
Epoch 30/40
40/40 - 2s - 50ms/step - auc: 0.7001 - loss: 0.6218 - val_auc: 0.6571 - val_loss: 0.6477 - learning_rate: 0.0010
Epoch 31/40
40/40 - 2s - 53ms/step - auc: 0.7004 - loss: 0.6216 - val_auc: 0.6583 - val_loss: 0.6472 - learning_rate: 0.0010
Epoch 32/40
40/40 - 2s - 47ms/step - auc: 0.7045 - loss: 0.6187 - val_auc: 0.6617 - val_loss: 0.6456 - learning_rate: 0.0010
Epoch 33/40
40/40 - 2s - 46ms/step - auc: 0.7042 - loss: 0.6183 - val_auc: 0.6608 - val_loss: 0.6454 - learning_rate: 0.0010
Epoch 34/40
40/40 - 2s - 47ms/step - auc: 0.7077 - loss: 0.6160 - val_auc: 0.6622 - val_loss: 0.6446 - learning_rate: 0.0010
Epoch 35/40
40/40 - 2s - 49ms/step - auc: 0.7090 - loss: 0.6147 - val_auc: 0.6646 - val_loss: 0.6442 - learning_rate: 0.0010
Epoch 36/40
40/40 - 2s - 50ms/step - auc: 0.7092 - loss: 0.6141 - val_auc: 0.6648 - val_loss: 0.6430 - learning_rate: 0.0010
Epoch 37/40
40/40 - 2s - 46ms/step - auc: 0.7121 - loss: 0.6121 - val_auc: 0.6657 - val_loss: 0.6425 - learning_rate: 0.0010
Epoch 38/40
40/40 - 2s - 47ms/step - auc: 0.7139 - loss: 0.6106 - val_auc: 0.6666 - val_loss: 0.6423 - learning_rate: 0.0010
Epoch 39/40
40/40 - 2s - 46ms/step - auc: 0.7152 - loss: 0.6093 - val_auc: 0.6669 - val_loss: 0.6418 - learning_rate: 0.0010
Epoch 40/40
40/40 - 2s - 45ms/step - auc: 0.7169 - loss: 0.6076 - val_auc: 0.6692 - val_loss: 0.6408 - learning_rate: 0.0010
[fit] mlp done in 80.9s (40 epochs)
    fold ok in 145s
  [oof fold 5/5] train=161,666 out=40,416
[fit] logreg done in 0.3s
[fit] rf-calibrated done in 63.2s
Epoch 1/40
40/40 - 7s - 178ms/step - auc: 0.5244 - loss: 0.7957 - val_auc: 0.5804 - val_loss: 0.6827 - learning_rate: 0.0010
Epoch 2/40
40/40 - 2s - 46ms/step - auc: 0.5388 - loss: 0.7415 - val_auc: 0.5800 - val_loss: 0.6818 - learning_rate: 0.0010
Epoch 3/40
40/40 - 2s - 54ms/step - auc: 0.5512 - loss: 0.7200 - val_auc: 0.5889 - val_loss: 0.6773 - learning_rate: 0.0010
Epoch 4/40
40/40 - 2s - 57ms/step - auc: 0.5662 - loss: 0.7041 - val_auc: 0.5857 - val_loss: 0.6794 - learning_rate: 0.0010
Epoch 5/40
40/40 - 2s - 55ms/step - auc: 0.5754 - loss: 0.6938 - val_auc: 0.5876 - val_loss: 0.6789 - learning_rate: 0.0010
Epoch 6/40
40/40 - 2s - 50ms/step - auc: 0.5856 - loss: 0.6862 - val_auc: 0.5905 - val_loss: 0.6784 - learning_rate: 0.0010
Epoch 7/40
40/40 - 2s - 48ms/step - auc: 0.5931 - loss: 0.6816 - val_auc: 0.5922 - val_loss: 0.6782 - learning_rate: 5.0000e-04
Epoch 8/40
40/40 - 2s - 47ms/step - auc: 0.5958 - loss: 0.6798 - val_auc: 0.5935 - val_loss: 0.6781 - learning_rate: 5.0000e-04
Epoch 9/40
40/40 - 2s - 45ms/step - auc: 0.5990 - loss: 0.6781 - val_auc: 0.5958 - val_loss: 0.6774 - learning_rate: 5.0000e-04
Epoch 10/40
40/40 - 2s - 46ms/step - auc: 0.6028 - loss: 0.6759 - val_auc: 0.5965 - val_loss: 0.6771 - learning_rate: 2.5000e-04
Epoch 11/40
40/40 - 2s - 45ms/step - auc: 0.6082 - loss: 0.6738 - val_auc: 0.5975 - val_loss: 0.6767 - learning_rate: 2.5000e-04
Epoch 12/40
40/40 - 2s - 43ms/step - auc: 0.6082 - loss: 0.6736 - val_auc: 0.5983 - val_loss: 0.6768 - learning_rate: 2.5000e-04
Epoch 13/40
40/40 - 2s - 41ms/step - auc: 0.6088 - loss: 0.6734 - val_auc: 0.5993 - val_loss: 0.6768 - learning_rate: 2.5000e-04
Epoch 14/40
40/40 - 2s - 39ms/step - auc: 0.6095 - loss: 0.6727 - val_auc: 0.6008 - val_loss: 0.6765 - learning_rate: 2.5000e-04
Epoch 15/40
40/40 - 2s - 39ms/step - auc: 0.6136 - loss: 0.6712 - val_auc: 0.6019 - val_loss: 0.6764 - learning_rate: 2.5000e-04
Epoch 16/40
40/40 - 2s - 41ms/step - auc: 0.6163 - loss: 0.6700 - val_auc: 0.6030 - val_loss: 0.6762 - learning_rate: 2.5000e-04
Epoch 17/40
40/40 - 2s - 47ms/step - auc: 0.6178 - loss: 0.6693 - val_auc: 0.6043 - val_loss: 0.6761 - learning_rate: 2.5000e-04
Epoch 18/40
40/40 - 2s - 48ms/step - auc: 0.6188 - loss: 0.6690 - val_auc: 0.6053 - val_loss: 0.6759 - learning_rate: 2.5000e-04
Epoch 19/40
40/40 - 2s - 45ms/step - auc: 0.6208 - loss: 0.6678 - val_auc: 0.6062 - val_loss: 0.6761 - learning_rate: 2.5000e-04
Epoch 20/40
40/40 - 2s - 49ms/step - auc: 0.6243 - loss: 0.6666 - val_auc: 0.6073 - val_loss: 0.6752 - learning_rate: 2.5000e-04
Epoch 21/40
40/40 - 2s - 42ms/step - auc: 0.6261 - loss: 0.6659 - val_auc: 0.6092 - val_loss: 0.6752 - learning_rate: 2.5000e-04
Epoch 22/40
40/40 - 2s - 42ms/step - auc: 0.6277 - loss: 0.6653 - val_auc: 0.6098 - val_loss: 0.6749 - learning_rate: 2.5000e-04
Epoch 23/40
40/40 - 2s - 41ms/step - auc: 0.6292 - loss: 0.6642 - val_auc: 0.6120 - val_loss: 0.6739 - learning_rate: 2.5000e-04
Epoch 24/40
40/40 - 2s - 45ms/step - auc: 0.6318 - loss: 0.6628 - val_auc: 0.6142 - val_loss: 0.6734 - learning_rate: 2.5000e-04
Epoch 25/40
40/40 - 2s - 49ms/step - auc: 0.6349 - loss: 0.6617 - val_auc: 0.6153 - val_loss: 0.6723 - learning_rate: 2.5000e-04
Epoch 26/40
40/40 - 2s - 43ms/step - auc: 0.6356 - loss: 0.6611 - val_auc: 0.6175 - val_loss: 0.6712 - learning_rate: 2.5000e-04
Epoch 27/40
40/40 - 2s - 43ms/step - auc: 0.6380 - loss: 0.6602 - val_auc: 0.6186 - val_loss: 0.6702 - learning_rate: 2.5000e-04
Epoch 28/40
40/40 - 2s - 54ms/step - auc: 0.6382 - loss: 0.6598 - val_auc: 0.6201 - val_loss: 0.6695 - learning_rate: 2.5000e-04
Epoch 29/40
40/40 - 2s - 52ms/step - auc: 0.6402 - loss: 0.6587 - val_auc: 0.6209 - val_loss: 0.6684 - learning_rate: 2.5000e-04
Epoch 30/40
40/40 - 2s - 50ms/step - auc: 0.6427 - loss: 0.6576 - val_auc: 0.6229 - val_loss: 0.6676 - learning_rate: 2.5000e-04
Epoch 31/40
40/40 - 2s - 48ms/step - auc: 0.6441 - loss: 0.6571 - val_auc: 0.6240 - val_loss: 0.6666 - learning_rate: 2.5000e-04
Epoch 32/40
40/40 - 2s - 53ms/step - auc: 0.6452 - loss: 0.6565 - val_auc: 0.6246 - val_loss: 0.6661 - learning_rate: 2.5000e-04
Epoch 33/40
40/40 - 2s - 55ms/step - auc: 0.6483 - loss: 0.6550 - val_auc: 0.6270 - val_loss: 0.6643 - learning_rate: 2.5000e-04
Epoch 34/40
40/40 - 2s - 56ms/step - auc: 0.6475 - loss: 0.6553 - val_auc: 0.6286 - val_loss: 0.6630 - learning_rate: 2.5000e-04
Epoch 35/40
40/40 - 2s - 56ms/step - auc: 0.6496 - loss: 0.6541 - val_auc: 0.6291 - val_loss: 0.6627 - learning_rate: 2.5000e-04
Epoch 36/40
40/40 - 2s - 54ms/step - auc: 0.6516 - loss: 0.6531 - val_auc: 0.6305 - val_loss: 0.6610 - learning_rate: 2.5000e-04
Epoch 37/40
40/40 - 2s - 50ms/step - auc: 0.6524 - loss: 0.6524 - val_auc: 0.6308 - val_loss: 0.6608 - learning_rate: 2.5000e-04
Epoch 38/40
40/40 - 2s - 49ms/step - auc: 0.6540 - loss: 0.6517 - val_auc: 0.6314 - val_loss: 0.6602 - learning_rate: 2.5000e-04
Epoch 39/40
40/40 - 2s - 50ms/step - auc: 0.6549 - loss: 0.6512 - val_auc: 0.6331 - val_loss: 0.6590 - learning_rate: 2.5000e-04
Epoch 40/40
40/40 - 2s - 53ms/step - auc: 0.6568 - loss: 0.6502 - val_auc: 0.6347 - val_loss: 0.6580 - learning_rate: 2.5000e-04
[fit] mlp done in 82.3s (40 epochs)
    fold ok in 147s
[stacking] OOF done in 739s
  meta LogReg coefs (logreg,rf,mlp): logreg=-0.724  rf=+6.212  mlp=+1.456  intercept=-3.508
  meta LogReg coefs (logreg,mlp): logreg=+0.093  mlp=+3.976  intercept=-1.970
[bases] refitting on full train...
[fit] logreg done in 0.6s
[fit] rf-calibrated done in 129.4s
Epoch 1/40
50/50 - 8s - 167ms/step - auc: 0.5258 - loss: 0.7871 - val_auc: 0.5528 - val_loss: 0.7587 - learning_rate: 0.0010
Epoch 2/40
50/50 - 3s - 58ms/step - auc: 0.5458 - loss: 0.7308 - val_auc: 0.5185 - val_loss: 0.7485 - learning_rate: 0.0010
Epoch 3/40
50/50 - 4s - 77ms/step - auc: 0.5623 - loss: 0.7078 - val_auc: 0.5086 - val_loss: 0.7399 - learning_rate: 0.0010
Epoch 4/40
50/50 - 3s - 65ms/step - auc: 0.5749 - loss: 0.6943 - val_auc: 0.4957 - val_loss: 0.7482 - learning_rate: 0.0010
Epoch 5/40
50/50 - 3s - 64ms/step - auc: 0.5864 - loss: 0.6853 - val_auc: 0.4897 - val_loss: 0.7410 - learning_rate: 0.0010
Epoch 6/40
50/50 - 3s - 59ms/step - auc: 0.5958 - loss: 0.6793 - val_auc: 0.4838 - val_loss: 0.7427 - learning_rate: 0.0010
Epoch 7/40
50/50 - 3s - 55ms/step - auc: 0.6047 - loss: 0.6749 - val_auc: 0.4821 - val_loss: 0.7465 - learning_rate: 5.0000e-04
Epoch 8/40
50/50 - 3s - 52ms/step - auc: 0.6083 - loss: 0.6731 - val_auc: 0.4776 - val_loss: 0.7449 - learning_rate: 5.0000e-04
Epoch 9/40
50/50 - 3s - 52ms/step - auc: 0.6140 - loss: 0.6710 - val_auc: 0.4760 - val_loss: 0.7428 - learning_rate: 5.0000e-04
Epoch 10/40
50/50 - 2s - 50ms/step - auc: 0.6161 - loss: 0.6698 - val_auc: 0.4752 - val_loss: 0.7434 - learning_rate: 2.5000e-04
Epoch 11/40
50/50 - 2s - 48ms/step - auc: 0.6186 - loss: 0.6686 - val_auc: 0.4747 - val_loss: 0.7434 - learning_rate: 2.5000e-04
/Users/pontusneumann/Documents/GitHub/CBS-Spring26/ML/report/pontus/scripts/22_v2_pipeline.py:435: RuntimeWarning: overflow encountered in scalar multiply
  pnl = stake * ((1 - y_te[i]) / (1 - mip) - 1.0)
/Users/pontusneumann/Documents/GitHub/CBS-Spring26/ML/report/pontus/scripts/22_v2_pipeline.py:433: RuntimeWarning: overflow encountered in scalar multiply
  pnl = stake * (y_te[i] / mip - 1.0)
/Users/pontusneumann/Documents/GitHub/CBS-Spring26/ML/report/pontus/scripts/22_v2_pipeline.py:439: RuntimeWarning: overflow encountered in scalar add
  bankroll += pnl
/Users/pontusneumann/Documents/GitHub/CBS-Spring26/ML/report/pontus/scripts/22_v2_pipeline.py:433: RuntimeWarning: overflow encountered in scalar multiply
  pnl = stake * (y_te[i] / mip - 1.0)
/Applications/anaconda3/envs/py312/lib/python3.12/site-packages/numpy/core/_methods.py:118: RuntimeWarning: overflow encountered in reduce
  ret = umr_sum(arr, axis, dtype, out, keepdims, where=where)
/Applications/anaconda3/envs/py312/lib/python3.12/site-packages/matplotlib/transforms.py:370: RuntimeWarning: overflow encountered in scalar subtract
  return (x0, y0, x1 - x0, y1 - y0)
[fit] mlp done in 37.8s (11 epochs)
[calibration stack_all]    picked platt  val_cv_ece_iso=0.0502  val_cv_ece_platt=0.0445
[calibration stack_no_rf]  picked platt  val_cv_ece_iso=0.0677  val_cv_ece_platt=0.0428
[calibration] winner by val ROC: stack_no_rf  (stack_all=0.5035  stack_no_rf=0.5097)
[metrics logreg        ]  test roc=0.5626426059540917  brier=0.2475  ece=0.0272
[metrics rf            ]  test roc=0.44475446089550047  brier=0.2531  ece=0.0351
[metrics mlp           ]  test roc=0.5431650452056326  brier=0.2502  ece=0.0380
[metrics stack_all_raw ]  test roc=0.47550706471879933  brier=0.2559  ece=0.0555
[metrics stack_no_rf_raw]  test roc=0.5436984110293843  brier=0.2497  ece=0.0385
[metrics stack_all_cal ]  test roc=0.47550508413850046  brier=0.2498  ece=0.0063
[metrics stack_no_rf_cal]  test roc=0.5436985890590742  brier=0.2494  ece=0.0101
[metrics stack_chosen  ]  test roc=0.5436985890590742  brier=0.2494  ece=0.0101

[xai] permutation importance on val (5 repeats/feature)...
[xai] done in 87s  top feature: wallet_trades_in_market_last_10min (Δroc=+0.0193)
[residual-edge] test partial-corr = +0.3099  (alex baseline: +0.06)
Traceback (most recent call last):
  File "/Users/pontusneumann/Documents/GitHub/CBS-Spring26/ML/report/pontus/scripts/24_v2_residualised.py", line 162, in <module>
    main()
  File "/Users/pontusneumann/Documents/GitHub/CBS-Spring26/ML/report/pontus/scripts/24_v2_residualised.py", line 158, in main
    V2.main()
  File "/Users/pontusneumann/Documents/GitHub/CBS-Spring26/ML/report/pontus/scripts/22_v2_pipeline.py", line 844, in main
    V1.plot_pnl_curves(
  File "/Users/pontusneumann/Documents/GitHub/CBS-Spring26/ML/report/pontus/scripts/21_full_pipeline.py", line 621, in plot_pnl_curves
    ax.axhline(0, color="k", linewidth=0.5, alpha=0.5)
  File "/Applications/anaconda3/envs/py312/lib/python3.12/site-packages/matplotlib/axes/_axes.py", line 809, in axhline
    self.add_line(l)
  File "/Applications/anaconda3/envs/py312/lib/python3.12/site-packages/matplotlib/axes/_base.py", line 2417, in add_line
    self._update_line_limits(line)
  File "/Applications/anaconda3/envs/py312/lib/python3.12/site-packages/matplotlib/axes/_base.py", line 2450, in _update_line_limits
    trf_to_data = line_trf - self.transData
                  ~~~~~~~~~^~~~~~~~~~~~~~~~
  File "/Applications/anaconda3/envs/py312/lib/python3.12/site-packages/matplotlib/transforms.py", line 1463, in __sub__
    return self + other.inverted()
                  ^^^^^^^^^^^^^^^^
  File "/Applications/anaconda3/envs/py312/lib/python3.12/site-packages/matplotlib/transforms.py", line 2443, in inverted
    self._b.inverted(), self._a.inverted())
    ^^^^^^^^^^^^^^^^^^
  File "/Applications/anaconda3/envs/py312/lib/python3.12/site-packages/matplotlib/transforms.py", line 2443, in inverted
    self._b.inverted(), self._a.inverted())
                        ^^^^^^^^^^^^^^^^^^
  File "/Applications/anaconda3/envs/py312/lib/python3.12/site-packages/matplotlib/transforms.py", line 1877, in inverted
    self._inverted = Affine2D(inv(mtx), shorthand_name=shorthand_name)
                              ^^^^^^^^
  File "/Applications/anaconda3/envs/py312/lib/python3.12/site-packages/numpy/linalg/linalg.py", line 561, in inv
    ainv = _umath_linalg.inv(a, signature=signature, extobj=extobj)
           ^^^^^^^^^^^^^^^^^^^^^^^^^^^^^^^^^^^^^^^^^^^^^^^^^^^^^^^^
  File "/Applications/anaconda3/envs/py312/lib/python3.12/site-packages/numpy/linalg/linalg.py", line 112, in _raise_linalgerror_singular
    raise LinAlgError("Singular matrix")
numpy.linalg.LinAlgError: Singular matrix
